<?xml version="1.0" encoding="UTF-8"?>
<testsuite xmlns:xsi="http://www.w3.org/2001/XMLSchema-instance" xsi:noNamespaceSchemaLocation="https://maven.apache.org/surefire/maven-surefire-plugin/xsd/surefire-test-report.xsd" version="3.0.2" name="com.SmartHealth.SmartHealth_backend.SmartHealthBackendServiceApplicationTests" time="4.839" tests="1" errors="0" skipped="0" failures="0">
  <properties>
[...]
</properties>
  <testcase name="contextLoads" classname="com.SmartHealth.SmartHealth_backend.SmartHealthBackendServiceApplicationTests" time="0.385">
    <system-out><![CDATA[06:36:43.283 [main] INFO org.springframework.test.context.support.AnnotationConfigContextLoaderUtils -- Could not detect default configuration classes for test class [com.SmartHealth.SmartHealth_backend.SmartHealthBackendServiceApplicationTests]: SmartHealthBackendServiceApplicationTests does not declare any static, non-private, non-final, nested classes annotated with @Configuration.
06:36:43.355 [main] INFO org.springframework.boot.test.context.SpringBootTestContextBootstrapper -- Found @SpringBootConfiguration com.SmartHealth.SmartHealth_backend.SmartHealthBackendServiceApplication for test class com.SmartHealth.SmartHealth_backend.SmartHealthBackendServiceApplicationTests
06:36:43.433 [main] INFO org.springframework.boot.devtools.restart.RestartApplicationListener -- Restart disabled due to context in which it is running

  .   ____          _            __ _ _
 /\\ / ___'_ __ _ _(_)_ __  __ _ \ \ \ \
( ( )\___ | '_ | '_| | '_ \/ _` | \ \ \ \
 \\/  ___)| |_)| | | | | || (_| |  ) ) ) )
  '  |____| .__|_| |_|_| |_\__, | / / / /
 =========|_|==============|___/=/_/_/_/

 :: Spring Boot ::                (v3.4.3)

2025-04-08T06:36:43.580+08:00  INFO 84480 --- [Smart Health - Backend Service] [           main] martHealthBackendServiceApplicationTests : Starting SmartHealthBackendServiceApplicationTests using Java 23.0.2 with PID 84480 (started by tristannguyen in /Users/tristannguyen/Documents/Projects/oneD/SmartHealth-backend)
2025-04-08T06:36:43.581+08:00  INFO 84480 --- [Smart Health - Backend Service] [           main] martHealthBackendServiceApplicationTests : No active profile set, falling back to 1 default profile: "default"
2025-04-08T06:36:43.582+08:00 DEBUG 84480 --- [Smart Health - Backend Service] [           main] o.s.boot.SpringApplication               : Loading source class com.SmartHealth.SmartHealth_backend.SmartHealthBackendServiceApplication
2025-04-08T06:36:43.600+08:00 DEBUG 84480 --- [Smart Health - Backend Service] [           main] o.s.w.c.s.GenericWebApplicationContext   : Refreshing org.springframework.web.context.support.GenericWebApplicationContext@405325cf
2025-04-08T06:36:43.609+08:00 DEBUG 84480 --- [Smart Health - Backend Service] [           main] o.s.b.f.s.DefaultListableBeanFactory     : Creating shared instance of singleton bean 'org.springframework.context.annotation.internalConfigurationAnnotationProcessor'
2025-04-08T06:36:43.617+08:00 DEBUG 84480 --- [Smart Health - Backend Service] [           main] o.s.b.f.s.DefaultListableBeanFactory     : Creating shared instance of singleton bean 'org.springframework.boot.autoconfigure.internalCachingMetadataReaderFactory'
2025-04-08T06:36:43.639+08:00 DEBUG 84480 --- [Smart Health - Backend Service] [           main] o.s.c.a.ClassPathBeanDefinitionScanner   : Identified candidate component class: file [/Users/tristannguyen/Documents/Projects/oneD/SmartHealth-backend/target/classes/com/SmartHealth/SmartHealth_backend/config/S3Config.class]
2025-04-08T06:36:43.640+08:00 DEBUG 84480 --- [Smart Health - Backend Service] [           main] o.s.c.a.ClassPathBeanDefinitionScanner   : Identified candidate component class: file [/Users/tristannguyen/Documents/Projects/oneD/SmartHealth-backend/target/classes/com/SmartHealth/SmartHealth_backend/config/SecurityConfig.class]
2025-04-08T06:36:43.649+08:00 DEBUG 84480 --- [Smart Health - Backend Service] [           main] o.s.c.a.ClassPathBeanDefinitionScanner   : Identified candidate component class: file [/Users/tristannguyen/Documents/Projects/oneD/SmartHealth-backend/target/classes/com/SmartHealth/SmartHealth_backend/controller/AuthController.class]
2025-04-08T06:36:43.652+08:00 DEBUG 84480 --- [Smart Health - Backend Service] [           main] o.s.c.a.ClassPathBeanDefinitionScanner   : Identified candidate component class: file [/Users/tristannguyen/Documents/Projects/oneD/SmartHealth-backend/target/classes/com/SmartHealth/SmartHealth_backend/controller/EventController.class]
2025-04-08T06:36:43.652+08:00 DEBUG 84480 --- [Smart Health - Backend Service] [           main] o.s.c.a.ClassPathBeanDefinitionScanner   : Identified candidate component class: file [/Users/tristannguyen/Documents/Projects/oneD/SmartHealth-backend/target/classes/com/SmartHealth/SmartHealth_backend/controller/MedicineController.class]
2025-04-08T06:36:43.653+08:00 DEBUG 84480 --- [Smart Health - Backend Service] [           main] o.s.c.a.ClassPathBeanDefinitionScanner   : Identified candidate component class: file [/Users/tristannguyen/Documents/Projects/oneD/SmartHealth-backend/target/classes/com/SmartHealth/SmartHealth_backend/controller/NutrientIntakeController.class]
2025-04-08T06:36:43.653+08:00 DEBUG 84480 --- [Smart Health - Backend Service] [           main] o.s.c.a.ClassPathBeanDefinitionScanner   : Identified candidate component class: file [/Users/tristannguyen/Documents/Projects/oneD/SmartHealth-backend/target/classes/com/SmartHealth/SmartHealth_backend/controller/UpcomingScheduleController.class]
2025-04-08T06:36:43.654+08:00 DEBUG 84480 --- [Smart Health - Backend Service] [           main] o.s.c.a.ClassPathBeanDefinitionScanner   : Identified candidate component class: file [/Users/tristannguyen/Documents/Projects/oneD/SmartHealth-backend/target/classes/com/SmartHealth/SmartHealth_backend/controller/UserController.class]
2025-04-08T06:36:43.665+08:00 DEBUG 84480 --- [Smart Health - Backend Service] [           main] o.s.c.a.ClassPathBeanDefinitionScanner   : Ignored because not a concrete top-level class: file [/Users/tristannguyen/Documents/Projects/oneD/SmartHealth-backend/target/classes/com/SmartHealth/SmartHealth_backend/repository/EventRepository.class]
2025-04-08T06:36:43.665+08:00 DEBUG 84480 --- [Smart Health - Backend Service] [           main] o.s.c.a.ClassPathBeanDefinitionScanner   : Ignored because not a concrete top-level class: file [/Users/tristannguyen/Documents/Projects/oneD/SmartHealth-backend/target/classes/com/SmartHealth/SmartHealth_backend/repository/MedicineRepository.class]
2025-04-08T06:36:43.666+08:00 DEBUG 84480 --- [Smart Health - Backend Service] [           main] o.s.c.a.ClassPathBeanDefinitionScanner   : Ignored because not a concrete top-level class: file [/Users/tristannguyen/Documents/Projects/oneD/SmartHealth-backend/target/classes/com/SmartHealth/SmartHealth_backend/repository/NutrientIntakeRepository.class]
2025-04-08T06:36:43.666+08:00 DEBUG 84480 --- [Smart Health - Backend Service] [           main] o.s.c.a.ClassPathBeanDefinitionScanner   : Ignored because not a concrete top-level class: file [/Users/tristannguyen/Documents/Projects/oneD/SmartHealth-backend/target/classes/com/SmartHealth/SmartHealth_backend/repository/UpcomingScheduleRepository.class]
2025-04-08T06:36:43.669+08:00 DEBUG 84480 --- [Smart Health - Backend Service] [           main] o.s.c.a.ClassPathBeanDefinitionScanner   : Ignored because not a concrete top-level class: file [/Users/tristannguyen/Documents/Projects/oneD/SmartHealth-backend/target/classes/com/SmartHealth/SmartHealth_backend/repository/UserRepository.class]
2025-04-08T06:36:43.670+08:00 DEBUG 84480 --- [Smart Health - Backend Service] [           main] o.s.c.a.ClassPathBeanDefinitionScanner   : Identified candidate component class: file [/Users/tristannguyen/Documents/Projects/oneD/SmartHealth-backend/target/classes/com/SmartHealth/SmartHealth_backend/service/CustomUserDetailsService.class]
2025-04-08T06:36:43.671+08:00 DEBUG 84480 --- [Smart Health - Backend Service] [           main] o.s.c.a.ClassPathBeanDefinitionScanner   : Identified candidate component class: file [/Users/tristannguyen/Documents/Projects/oneD/SmartHealth-backend/target/classes/com/SmartHealth/SmartHealth_backend/service/S3Service.class]
2025-04-08T06:36:43.671+08:00 DEBUG 84480 --- [Smart Health - Backend Service] [           main] o.s.c.a.ClassPathBeanDefinitionScanner   : Identified candidate component class: file [/Users/tristannguyen/Documents/Projects/oneD/SmartHealth-backend/target/classes/com/SmartHealth/SmartHealth_backend/service/impl/EventServiceImpl.class]
2025-04-08T06:36:43.672+08:00 DEBUG 84480 --- [Smart Health - Backend Service] [           main] o.s.c.a.ClassPathBeanDefinitionScanner   : Identified candidate component class: file [/Users/tristannguyen/Documents/Projects/oneD/SmartHealth-backend/target/classes/com/SmartHealth/SmartHealth_backend/service/impl/MedicineServiceImpl.class]
2025-04-08T06:36:43.672+08:00 DEBUG 84480 --- [Smart Health - Backend Service] [           main] o.s.c.a.ClassPathBeanDefinitionScanner   : Identified candidate component class: file [/Users/tristannguyen/Documents/Projects/oneD/SmartHealth-backend/target/classes/com/SmartHealth/SmartHealth_backend/service/impl/NutrientIntakeServiceImpl.class]
2025-04-08T06:36:43.672+08:00 DEBUG 84480 --- [Smart Health - Backend Service] [           main] o.s.c.a.ClassPathBeanDefinitionScanner   : Identified candidate component class: file [/Users/tristannguyen/Documents/Projects/oneD/SmartHealth-backend/target/classes/com/SmartHealth/SmartHealth_backend/service/impl/UpcomingScheduleServiceImpl.class]
2025-04-08T06:36:43.673+08:00 DEBUG 84480 --- [Smart Health - Backend Service] [           main] o.s.c.a.ClassPathBeanDefinitionScanner   : Identified candidate component class: file [/Users/tristannguyen/Documents/Projects/oneD/SmartHealth-backend/target/classes/com/SmartHealth/SmartHealth_backend/service/impl/UserServiceImpl.class]
2025-04-08T06:36:43.972+08:00  INFO 84480 --- [Smart Health - Backend Service] [           main] .s.d.r.c.RepositoryConfigurationDelegate : Bootstrapping Spring Data JPA repositories in DEFAULT mode.
2025-04-08T06:36:43.977+08:00 DEBUG 84480 --- [Smart Health - Backend Service] [           main] o.s.b.f.s.DefaultListableBeanFactory     : Creating shared instance of singleton bean 'org.springframework.boot.autoconfigure.AutoConfigurationPackages'
2025-04-08T06:36:43.982+08:00 DEBUG 84480 --- [Smart Health - Backend Service] [           main] o.s.b.a.AutoConfigurationPackages        : @EnableAutoConfiguration was declared on a class in the package 'com.SmartHealth.SmartHealth_backend'. Automatic @Repository and @Entity scanning is enabled.
2025-04-08T06:36:43.983+08:00 DEBUG 84480 --- [Smart Health - Backend Service] [           main] .s.d.r.c.RepositoryConfigurationDelegate : Scanning for JPA repositories in packages com.SmartHealth.SmartHealth_backend.
2025-04-08T06:36:43.989+08:00 DEBUG 84480 --- [Smart Health - Backend Service] [           main] o.s.d.r.c.RepositoryComponentProvider    : Identified candidate component class: file [/Users/tristannguyen/Documents/Projects/oneD/SmartHealth-backend/target/classes/com/SmartHealth/SmartHealth_backend/repository/EventRepository.class]
2025-04-08T06:36:43.989+08:00 DEBUG 84480 --- [Smart Health - Backend Service] [           main] o.s.d.r.c.RepositoryComponentProvider    : Identified candidate component class: file [/Users/tristannguyen/Documents/Projects/oneD/SmartHealth-backend/target/classes/com/SmartHealth/SmartHealth_backend/repository/MedicineRepository.class]
2025-04-08T06:36:43.989+08:00 DEBUG 84480 --- [Smart Health - Backend Service] [           main] o.s.d.r.c.RepositoryComponentProvider    : Identified candidate component class: file [/Users/tristannguyen/Documents/Projects/oneD/SmartHealth-backend/target/classes/com/SmartHealth/SmartHealth_backend/repository/NutrientIntakeRepository.class]
2025-04-08T06:36:43.989+08:00 DEBUG 84480 --- [Smart Health - Backend Service] [           main] o.s.d.r.c.RepositoryComponentProvider    : Identified candidate component class: file [/Users/tristannguyen/Documents/Projects/oneD/SmartHealth-backend/target/classes/com/SmartHealth/SmartHealth_backend/repository/UpcomingScheduleRepository.class]
2025-04-08T06:36:43.989+08:00 DEBUG 84480 --- [Smart Health - Backend Service] [           main] o.s.d.r.c.RepositoryComponentProvider    : Identified candidate component class: file [/Users/tristannguyen/Documents/Projects/oneD/SmartHealth-backend/target/classes/com/SmartHealth/SmartHealth_backend/repository/UserRepository.class]
2025-04-08T06:36:44.006+08:00 DEBUG 84480 --- [Smart Health - Backend Service] [           main] ssPathScanningCandidateComponentProvider : Identified candidate component class: file [/Users/tristannguyen/Documents/Projects/oneD/SmartHealth-backend/target/classes/com/SmartHealth/SmartHealth_backend/service/impl/EventServiceImpl.class]
2025-04-08T06:36:44.006+08:00 DEBUG 84480 --- [Smart Health - Backend Service] [           main] ssPathScanningCandidateComponentProvider : Identified candidate component class: file [/Users/tristannguyen/Documents/Projects/oneD/SmartHealth-backend/target/classes/com/SmartHealth/SmartHealth_backend/service/impl/MedicineServiceImpl.class]
2025-04-08T06:36:44.006+08:00 DEBUG 84480 --- [Smart Health - Backend Service] [           main] ssPathScanningCandidateComponentProvider : Identified candidate component class: file [/Users/tristannguyen/Documents/Projects/oneD/SmartHealth-backend/target/classes/com/SmartHealth/SmartHealth_backend/service/impl/NutrientIntakeServiceImpl.class]
2025-04-08T06:36:44.006+08:00 DEBUG 84480 --- [Smart Health - Backend Service] [           main] ssPathScanningCandidateComponentProvider : Identified candidate component class: file [/Users/tristannguyen/Documents/Projects/oneD/SmartHealth-backend/target/classes/com/SmartHealth/SmartHealth_backend/service/impl/UpcomingScheduleServiceImpl.class]
2025-04-08T06:36:44.006+08:00 DEBUG 84480 --- [Smart Health - Backend Service] [           main] ssPathScanningCandidateComponentProvider : Identified candidate component class: file [/Users/tristannguyen/Documents/Projects/oneD/SmartHealth-backend/target/classes/com/SmartHealth/SmartHealth_backend/service/impl/UserServiceImpl.class]
2025-04-08T06:36:44.015+08:00  INFO 84480 --- [Smart Health - Backend Service] [           main] .s.d.r.c.RepositoryConfigurationDelegate : Finished Spring Data repository scanning in 31 ms. Found 5 JPA repository interfaces.
2025-04-08T06:36:44.072+08:00 DEBUG 84480 --- [Smart Health - Backend Service] [           main] o.s.b.f.s.DefaultListableBeanFactory     : Creating shared instance of singleton bean 'springSecurityHandlerMappingIntrospectorBeanDefinitionRegistryPostProcessor'
2025-04-08T06:36:44.118+08:00 DEBUG 84480 --- [Smart Health - Backend Service] [           main] o.s.b.f.s.DefaultListableBeanFactory     : Creating shared instance of singleton bean 'propertySourcesPlaceholderConfigurer'
2025-04-08T06:36:44.122+08:00 DEBUG 84480 --- [Smart Health - Backend Service] [           main] o.s.b.f.s.DefaultListableBeanFactory     : Creating shared instance of singleton bean 'org.springframework.boot.test.mock.mockito.MockitoPostProcessor'
2025-04-08T06:36:44.123+08:00 DEBUG 84480 --- [Smart Health - Backend Service] [           main] o.s.b.f.s.DefaultListableBeanFactory     : Creating shared instance of singleton bean 'emBeanDefinitionRegistrarPostProcessor'
2025-04-08T06:36:44.123+08:00 DEBUG 84480 --- [Smart Health - Backend Service] [           main] o.s.b.f.s.DefaultListableBeanFactory     : Creating shared instance of singleton bean 'org.springframework.boot.sql.init.dependency.DatabaseInitializationDependencyConfigurer$DependsOnDatabaseInitializationPostProcessor'
2025-04-08T06:36:44.154+08:00 DEBUG 84480 --- [Smart Health - Backend Service] [           main] o.s.b.f.s.DefaultListableBeanFactory     : Creating shared instance of singleton bean 'org.springframework.context.event.internalEventListenerProcessor'
2025-04-08T06:36:44.155+08:00 DEBUG 84480 --- [Smart Health - Backend Service] [           main] o.s.b.f.s.DefaultListableBeanFactory     : Creating shared instance of singleton bean 'preserveErrorControllerTargetClassPostProcessor'
2025-04-08T06:36:44.155+08:00 DEBUG 84480 --- [Smart Health - Backend Service] [           main] o.s.b.f.s.DefaultListableBeanFactory     : Creating shared instance of singleton bean 'conversionServicePostProcessor'
2025-04-08T06:36:44.160+08:00 DEBUG 84480 --- [Smart Health - Backend Service] [           main] o.s.b.f.s.DefaultListableBeanFactory     : Creating shared instance of singleton bean 'org.springframework.context.event.internalEventListenerFactory'
2025-04-08T06:36:44.161+08:00 DEBUG 84480 --- [Smart Health - Backend Service] [           main] o.s.b.f.s.DefaultListableBeanFactory     : Creating shared instance of singleton bean 'org.springframework.transaction.config.internalTransactionalEventListenerFactory'
2025-04-08T06:36:44.164+08:00 DEBUG 84480 --- [Smart Health - Backend Service] [           main] o.s.b.f.s.DefaultListableBeanFactory     : Creating shared instance of singleton bean 'org.springframework.boot.test.mock.mockito.MockitoPostProcessor$SpyPostProcessor'
2025-04-08T06:36:44.165+08:00 DEBUG 84480 --- [Smart Health - Backend Service] [           main] o.s.b.f.s.DefaultListableBeanFactory     : Creating shared instance of singleton bean 'org.springframework.context.annotation.internalAutowiredAnnotationProcessor'
2025-04-08T06:36:44.166+08:00 DEBUG 84480 --- [Smart Health - Backend Service] [           main] o.s.b.f.s.DefaultListableBeanFactory     : Creating shared instance of singleton bean 'org.springframework.context.annotation.internalCommonAnnotationProcessor'
2025-04-08T06:36:44.167+08:00 DEBUG 84480 --- [Smart Health - Backend Service] [           main] o.s.b.f.s.DefaultListableBeanFactory     : Creating shared instance of singleton bean 'org.springframework.context.annotation.internalPersistenceAnnotationProcessor'
2025-04-08T06:36:44.168+08:00 DEBUG 84480 --- [Smart Health - Backend Service] [           main] o.s.b.f.s.DefaultListableBeanFactory     : Creating shared instance of singleton bean 'org.springframework.boot.context.properties.ConfigurationPropertiesBindingPostProcessor'
2025-04-08T06:36:44.168+08:00 DEBUG 84480 --- [Smart Health - Backend Service] [           main] o.s.b.f.s.DefaultListableBeanFactory     : Creating shared instance of singleton bean 'org.springframework.boot.context.internalConfigurationPropertiesBinder'
2025-04-08T06:36:44.169+08:00 DEBUG 84480 --- [Smart Health - Backend Service] [           main] o.s.b.f.s.DefaultListableBeanFactory     : Creating shared instance of singleton bean 'jdbcConnectionDetailsHikariBeanPostProcessor'
2025-04-08T06:36:44.171+08:00 DEBUG 84480 --- [Smart Health - Backend Service] [           main] o.s.b.f.s.DefaultListableBeanFactory     : Creating shared instance of singleton bean 'org.springframework.aop.config.internalAutoProxyCreator'
2025-04-08T06:36:44.183+08:00 DEBUG 84480 --- [Smart Health - Backend Service] [           main] o.s.b.f.s.DefaultListableBeanFactory     : Creating shared instance of singleton bean 'persistenceExceptionTranslationPostProcessor'
2025-04-08T06:36:44.184+08:00 DEBUG 84480 --- [Smart Health - Backend Service] [           main] o.s.b.f.s.DefaultListableBeanFactory     : Autowiring by type from bean name 'persistenceExceptionTranslationPostProcessor' via factory method to bean named 'environment'
2025-04-08T06:36:44.186+08:00 DEBUG 84480 --- [Smart Health - Backend Service] [           main] o.s.b.f.s.DefaultListableBeanFactory     : Creating shared instance of singleton bean 'webServerFactoryCustomizerBeanPostProcessor'
2025-04-08T06:36:44.187+08:00 DEBUG 84480 --- [Smart Health - Backend Service] [           main] o.s.b.f.s.DefaultListableBeanFactory     : Creating shared instance of singleton bean 'errorPageRegistrarBeanPostProcessor'
2025-04-08T06:36:44.187+08:00 DEBUG 84480 --- [Smart Health - Backend Service] [           main] o.s.b.f.s.DefaultListableBeanFactory     : Creating shared instance of singleton bean 'projectingArgumentResolverBeanPostProcessor'
2025-04-08T06:36:44.188+08:00 DEBUG 84480 --- [Smart Health - Backend Service] [           main] o.s.b.f.s.DefaultListableBeanFactory     : Creating shared instance of singleton bean 'org.springframework.transaction.config.internalTransactionAdvisor'
2025-04-08T06:36:44.188+08:00 DEBUG 84480 --- [Smart Health - Backend Service] [           main] o.s.b.f.s.DefaultListableBeanFactory     : Creating shared instance of singleton bean 'org.springframework.transaction.annotation.ProxyTransactionManagementConfiguration'
2025-04-08T06:36:44.202+08:00 DEBUG 84480 --- [Smart Health - Backend Service] [           main] o.s.b.f.s.DefaultListableBeanFactory     : Creating shared instance of singleton bean 'transactionAttributeSource'
2025-04-08T06:36:44.203+08:00 DEBUG 84480 --- [Smart Health - Backend Service] [           main] o.s.b.f.s.DefaultListableBeanFactory     : Creating shared instance of singleton bean 'transactionInterceptor'
2025-04-08T06:36:44.203+08:00 DEBUG 84480 --- [Smart Health - Backend Service] [           main] o.s.b.f.s.DefaultListableBeanFactory     : Autowiring by type from bean name 'transactionInterceptor' via factory method to bean named 'transactionAttributeSource'
2025-04-08T06:36:44.208+08:00 DEBUG 84480 --- [Smart Health - Backend Service] [           main] o.s.b.f.s.DefaultListableBeanFactory     : Autowiring by type from bean name 'org.springframework.transaction.config.internalTransactionAdvisor' via factory method to bean named 'transactionAttributeSource'
2025-04-08T06:36:44.208+08:00 DEBUG 84480 --- [Smart Health - Backend Service] [           main] o.s.b.f.s.DefaultListableBeanFactory     : Autowiring by type from bean name 'org.springframework.transaction.config.internalTransactionAdvisor' via factory method to bean named 'transactionInterceptor'
2025-04-08T06:36:44.221+08:00 DEBUG 84480 --- [Smart Health - Backend Service] [           main] o.s.u.c.s.UiApplicationContextUtils      : Unable to locate ThemeSource with name 'themeSource': using default [org.springframework.ui.context.support.ResourceBundleThemeSource@67bd351e]
2025-04-08T06:36:44.222+08:00 DEBUG 84480 --- [Smart Health - Backend Service] [           main] o.s.b.f.s.DefaultListableBeanFactory     : Creating shared instance of singleton bean 'org.springframework.test.context.support.internalDynamicPropertyRegistrarBeanInitializer'
2025-04-08T06:36:44.224+08:00 DEBUG 84480 --- [Smart Health - Backend Service] [           main] o.s.b.f.s.DefaultListableBeanFactory     : Creating shared instance of singleton bean 'dataSourceScriptDatabaseInitializer'
2025-04-08T06:36:44.224+08:00 DEBUG 84480 --- [Smart Health - Backend Service] [           main] o.s.b.f.s.DefaultListableBeanFactory     : Creating shared instance of singleton bean 'org.springframework.boot.autoconfigure.sql.init.DataSourceInitializationConfiguration'
2025-04-08T06:36:44.235+08:00 DEBUG 84480 --- [Smart Health - Backend Service] [           main] o.s.b.f.s.DefaultListableBeanFactory     : Creating shared instance of singleton bean 'dataSource'
2025-04-08T06:36:44.235+08:00 DEBUG 84480 --- [Smart Health - Backend Service] [           main] o.s.b.f.s.DefaultListableBeanFactory     : Creating shared instance of singleton bean 'org.springframework.boot.autoconfigure.jdbc.DataSourceConfiguration$Hikari'
2025-04-08T06:36:44.236+08:00 DEBUG 84480 --- [Smart Health - Backend Service] [           main] o.s.b.f.s.DefaultListableBeanFactory     : Creating shared instance of singleton bean 'spring.datasource-org.springframework.boot.autoconfigure.jdbc.DataSourceProperties'
2025-04-08T06:36:44.237+08:00 DEBUG 84480 --- [Smart Health - Backend Service] [           main] o.s.b.f.s.DefaultListableBeanFactory     : Creating shared instance of singleton bean 'org.springframework.boot.context.properties.BoundConfigurationProperties'
2025-04-08T06:36:44.247+08:00 DEBUG 84480 --- [Smart Health - Backend Service] [           main] o.s.b.f.s.DefaultListableBeanFactory     : Creating shared instance of singleton bean 'jdbcConnectionDetails'
2025-04-08T06:36:44.247+08:00 DEBUG 84480 --- [Smart Health - Backend Service] [           main] o.s.b.f.s.DefaultListableBeanFactory     : Creating shared instance of singleton bean 'org.springframework.boot.autoconfigure.jdbc.DataSourceAutoConfiguration$PooledDataSourceConfiguration'
2025-04-08T06:36:44.248+08:00 DEBUG 84480 --- [Smart Health - Backend Service] [           main] o.s.b.f.s.DefaultListableBeanFactory     : Autowiring by type from bean name 'jdbcConnectionDetails' via factory method to bean named 'spring.datasource-org.springframework.boot.autoconfigure.jdbc.DataSourceProperties'
2025-04-08T06:36:44.249+08:00 DEBUG 84480 --- [Smart Health - Backend Service] [           main] o.s.b.f.s.DefaultListableBeanFactory     : Autowiring by type from bean name 'dataSource' via factory method to bean named 'spring.datasource-org.springframework.boot.autoconfigure.jdbc.DataSourceProperties'
2025-04-08T06:36:44.249+08:00 DEBUG 84480 --- [Smart Health - Backend Service] [           main] o.s.b.f.s.DefaultListableBeanFactory     : Autowiring by type from bean name 'dataSource' via factory method to bean named 'jdbcConnectionDetails'
2025-04-08T06:36:44.266+08:00 DEBUG 84480 --- [Smart Health - Backend Service] [           main] o.s.b.f.s.DefaultListableBeanFactory     : Creating shared instance of singleton bean 'spring.sql.init-org.springframework.boot.autoconfigure.sql.init.SqlInitializationProperties'
2025-04-08T06:36:44.268+08:00 DEBUG 84480 --- [Smart Health - Backend Service] [           main] o.s.b.f.s.DefaultListableBeanFactory     : Autowiring by type from bean name 'dataSourceScriptDatabaseInitializer' via factory method to bean named 'dataSource'
2025-04-08T06:36:44.269+08:00 DEBUG 84480 --- [Smart Health - Backend Service] [           main] o.s.b.f.s.DefaultListableBeanFactory     : Autowiring by type from bean name 'dataSourceScriptDatabaseInitializer' via factory method to bean named 'spring.sql.init-org.springframework.boot.autoconfigure.sql.init.SqlInitializationProperties'
2025-04-08T06:36:44.271+08:00 DEBUG 84480 --- [Smart Health - Backend Service] [           main] o.s.b.f.s.DefaultListableBeanFactory     : Creating shared instance of singleton bean 'entityManagerFactory'
2025-04-08T06:36:44.272+08:00 DEBUG 84480 --- [Smart Health - Backend Service] [           main] o.s.b.f.s.DefaultListableBeanFactory     : Creating shared instance of singleton bean 'org.springframework.boot.autoconfigure.orm.jpa.HibernateJpaConfiguration'
2025-04-08T06:36:44.272+08:00 DEBUG 84480 --- [Smart Health - Backend Service] [           main] o.s.b.f.s.DefaultListableBeanFactory     : Creating shared instance of singleton bean 'spring.jpa-org.springframework.boot.autoconfigure.orm.jpa.JpaProperties'
2025-04-08T06:36:44.275+08:00 DEBUG 84480 --- [Smart Health - Backend Service] [           main] o.s.b.f.s.DefaultListableBeanFactory     : Creating shared instance of singleton bean 'spring.jpa.hibernate-org.springframework.boot.autoconfigure.orm.jpa.HibernateProperties'
2025-04-08T06:36:44.276+08:00 DEBUG 84480 --- [Smart Health - Backend Service] [           main] o.s.b.f.s.DefaultListableBeanFactory     : Autowiring by type from bean name 'org.springframework.boot.autoconfigure.orm.jpa.HibernateJpaConfiguration' via constructor to bean named 'dataSource'
2025-04-08T06:36:44.276+08:00 DEBUG 84480 --- [Smart Health - Backend Service] [           main] o.s.b.f.s.DefaultListableBeanFactory     : Autowiring by type from bean name 'org.springframework.boot.autoconfigure.orm.jpa.HibernateJpaConfiguration' via constructor to bean named 'spring.jpa-org.springframework.boot.autoconfigure.orm.jpa.JpaProperties'
2025-04-08T06:36:44.277+08:00 DEBUG 84480 --- [Smart Health - Backend Service] [           main] o.s.b.f.s.DefaultListableBeanFactory     : Autowiring by type from bean name 'org.springframework.boot.autoconfigure.orm.jpa.HibernateJpaConfiguration' via constructor to bean named 'org.springframework.beans.factory.support.DefaultListableBeanFactory@2adddc06'
2025-04-08T06:36:44.277+08:00 DEBUG 84480 --- [Smart Health - Backend Service] [           main] o.s.b.f.s.DefaultListableBeanFactory     : Autowiring by type from bean name 'org.springframework.boot.autoconfigure.orm.jpa.HibernateJpaConfiguration' via constructor to bean named 'spring.jpa.hibernate-org.springframework.boot.autoconfigure.orm.jpa.HibernateProperties'
2025-04-08T06:36:44.279+08:00 DEBUG 84480 --- [Smart Health - Backend Service] [           main] o.s.b.f.s.DefaultListableBeanFactory     : Creating shared instance of singleton bean 'hikariPoolDataSourceMetadataProvider'
2025-04-08T06:36:44.279+08:00 DEBUG 84480 --- [Smart Health - Backend Service] [           main] o.s.b.f.s.DefaultListableBeanFactory     : Creating shared instance of singleton bean 'org.springframework.boot.autoconfigure.jdbc.metadata.DataSourcePoolMetadataProvidersConfiguration$HikariPoolDataSourceMetadataProviderConfiguration'
2025-04-08T06:36:44.283+08:00 DEBUG 84480 --- [Smart Health - Backend Service] [           main] o.s.b.f.s.DefaultListableBeanFactory     : Creating shared instance of singleton bean 'entityManagerFactoryBuilder'
2025-04-08T06:36:44.283+08:00 DEBUG 84480 --- [Smart Health - Backend Service] [           main] o.s.b.f.s.DefaultListableBeanFactory     : Creating shared instance of singleton bean 'jpaVendorAdapter'
2025-04-08T06:36:44.291+08:00 DEBUG 84480 --- [Smart Health - Backend Service] [           main] o.s.b.f.s.DefaultListableBeanFactory     : Autowiring by type from bean name 'entityManagerFactoryBuilder' via factory method to bean named 'jpaVendorAdapter'
2025-04-08T06:36:44.295+08:00 DEBUG 84480 --- [Smart Health - Backend Service] [           main] o.s.b.f.s.DefaultListableBeanFactory     : Creating shared instance of singleton bean 'persistenceManagedTypes'
2025-04-08T06:36:44.296+08:00 DEBUG 84480 --- [Smart Health - Backend Service] [           main] o.s.b.f.s.DefaultListableBeanFactory     : Autowiring by type from bean name 'persistenceManagedTypes' via factory method to bean named 'org.springframework.beans.factory.support.DefaultListableBeanFactory@2adddc06'
2025-04-08T06:36:44.296+08:00 DEBUG 84480 --- [Smart Health - Backend Service] [           main] o.s.b.f.s.DefaultListableBeanFactory     : Autowiring by type from bean name 'persistenceManagedTypes' via factory method to bean named 'org.springframework.web.context.support.GenericWebApplicationContext@405325cf'
2025-04-08T06:36:44.302+08:00 DEBUG 84480 --- [Smart Health - Backend Service] [           main] o.s.b.f.s.DefaultListableBeanFactory     : Autowiring by type from bean name 'entityManagerFactory' via factory method to bean named 'entityManagerFactoryBuilder'
2025-04-08T06:36:44.302+08:00 DEBUG 84480 --- [Smart Health - Backend Service] [           main] o.s.b.f.s.DefaultListableBeanFactory     : Autowiring by type from bean name 'entityManagerFactory' via factory method to bean named 'persistenceManagedTypes'
2025-04-08T06:36:44.307+08:00 DEBUG 84480 --- [Smart Health - Backend Service] [           main] j.LocalContainerEntityManagerFactoryBean : Building JPA container EntityManagerFactory for persistence unit 'default'
2025-04-08T06:36:44.321+08:00  INFO 84480 --- [Smart Health - Backend Service] [           main] o.hibernate.jpa.internal.util.LogHelper  : HHH000204: Processing PersistenceUnitInfo [name: default]
2025-04-08T06:36:44.347+08:00  INFO 84480 --- [Smart Health - Backend Service] [           main] org.hibernate.Version                    : HHH000412: Hibernate ORM core version 6.6.8.Final
2025-04-08T06:36:44.364+08:00  INFO 84480 --- [Smart Health - Backend Service] [           main] o.h.c.internal.RegionFactoryInitiator    : HHH000026: Second-level cache disabled
2025-04-08T06:36:44.517+08:00  INFO 84480 --- [Smart Health - Backend Service] [           main] o.s.o.j.p.SpringPersistenceUnitInfo      : No LoadTimeWeaver setup: ignoring JPA class transformer
2025-04-08T06:36:44.533+08:00  INFO 84480 --- [Smart Health - Backend Service] [           main] com.zaxxer.hikari.HikariDataSource       : HikariPool-1 - Starting...
2025-04-08T06:36:45.097+08:00  INFO 84480 --- [Smart Health - Backend Service] [           main] com.zaxxer.hikari.pool.HikariPool        : HikariPool-1 - Added connection org.postgresql.jdbc.PgConnection@527d48db
2025-04-08T06:36:45.098+08:00  INFO 84480 --- [Smart Health - Backend Service] [           main] com.zaxxer.hikari.HikariDataSource       : HikariPool-1 - Start completed.
2025-04-08T06:36:45.124+08:00  WARN 84480 --- [Smart Health - Backend Service] [           main] org.hibernate.orm.deprecation            : HHH90000025: PostgreSQLDialect does not need to be specified explicitly using 'hibernate.dialect' (remove the property setting and it will be selected by default)
2025-04-08T06:36:45.150+08:00  INFO 84480 --- [Smart Health - Backend Service] [           main] org.hibernate.orm.connections.pooling    : HHH10001005: Database info:
	Database JDBC URL [Connecting through datasource 'HikariDataSource (HikariPool-1)']
	Database driver: undefined/unknown
	Database version: 17.2
	Autocommit mode: undefined/unknown
	Isolation level: undefined/unknown
	Minimum pool size: undefined/unknown
	Maximum pool size: undefined/unknown
2025-04-08T06:36:45.734+08:00  INFO 84480 --- [Smart Health - Backend Service] [           main] o.h.e.t.j.p.i.JtaPlatformInitiator       : HHH000489: No JTA platform available (set 'hibernate.transaction.jta.platform' to enable JTA platform integration)
2025-04-08T06:36:45.811+08:00 DEBUG 84480 --- [Smart Health - Backend Service] [           main] org.hibernate.SQL                        : 
    create table upcoming_schedule (
        id bigint generated by default as identity,
        intake integer not null,
        is_taken boolean not null,
        schedule_calendar timestamp(6) not null,
        schedule_description varchar(255) not null,
        schedule_title varchar(255) not null,
        schedule_type varchar(255) not null,
        medicine_id bigint,
        user_id bigint not null,
        primary key (id)
    )
2025-04-08T06:36:46.325+08:00 DEBUG 84480 --- [Smart Health - Backend Service] [           main] org.hibernate.SQL                        : 
    alter table if exists upcoming_schedule 
       add constraint FKefv6uipryedt8r7msa7d75s9b 
       foreign key (medicine_id) 
       references medicines
2025-04-08T06:36:46.339+08:00 DEBUG 84480 --- [Smart Health - Backend Service] [           main] org.hibernate.SQL                        : 
    alter table if exists upcoming_schedule 
       add constraint FKiwjuju9dsia96vq9qp72h3vo8 
       foreign key (user_id) 
       references users
2025-04-08T06:36:46.348+08:00  INFO 84480 --- [Smart Health - Backend Service] [           main] j.LocalContainerEntityManagerFactoryBean : Initialized JPA EntityManagerFactory for persistence unit 'default'
2025-04-08T06:36:46.352+08:00 DEBUG 84480 --- [Smart Health - Backend Service] [           main] o.s.b.f.s.DefaultListableBeanFactory     : Creating shared instance of singleton bean 'smartHealthBackendServiceApplication'
2025-04-08T06:36:46.354+08:00 DEBUG 84480 --- [Smart Health - Backend Service] [           main] o.s.b.f.s.DefaultListableBeanFactory     : Creating shared instance of singleton bean 's3Config'
2025-04-08T06:36:46.355+08:00 DEBUG 84480 --- [Smart Health - Backend Service] [           main] o.s.c.e.PropertySourcesPropertyResolver  : Found key 'aws.s3.access-key' in PropertySource 'environmentProperties' with value of type String
2025-04-08T06:36:46.356+08:00 DEBUG 84480 --- [Smart Health - Backend Service] [           main] o.s.c.e.PropertySourcesPropertyResolver  : Found key 'aws.s3.secret-key' in PropertySource 'environmentProperties' with value of type String
2025-04-08T06:36:46.356+08:00 DEBUG 84480 --- [Smart Health - Backend Service] [           main] o.s.c.e.PropertySourcesPropertyResolver  : Found key 'aws.s3.region' in PropertySource 'environmentProperties' with value of type String
2025-04-08T06:36:46.357+08:00 DEBUG 84480 --- [Smart Health - Backend Service] [           main] o.s.b.f.s.DefaultListableBeanFactory     : Creating shared instance of singleton bean 'securityConfig'
2025-04-08T06:36:46.358+08:00 DEBUG 84480 --- [Smart Health - Backend Service] [           main] o.s.b.f.s.DefaultListableBeanFactory     : Creating shared instance of singleton bean 'customUserDetailsService'
2025-04-08T06:36:46.358+08:00 DEBUG 84480 --- [Smart Health - Backend Service] [           main] o.s.b.f.s.DefaultListableBeanFactory     : Creating shared instance of singleton bean 'userRepository'
2025-04-08T06:36:46.362+08:00 DEBUG 84480 --- [Smart Health - Backend Service] [           main] o.s.b.f.s.DefaultListableBeanFactory     : Creating shared instance of singleton bean 'jpa.named-queries#1'
2025-04-08T06:36:46.364+08:00 DEBUG 84480 --- [Smart Health - Backend Service] [           main] o.s.b.f.s.DefaultListableBeanFactory     : Creating shared instance of singleton bean 'jpa.UserRepository.fragments#0'
2025-04-08T06:36:46.367+08:00 DEBUG 84480 --- [Smart Health - Backend Service] [           main] o.s.b.f.s.DefaultListableBeanFactory     : Creating shared instance of singleton bean 'jpaSharedEM_entityManagerFactory'
2025-04-08T06:36:46.391+08:00 DEBUG 84480 --- [Smart Health - Backend Service] [           main] o.s.b.f.s.DefaultListableBeanFactory     : Creating shared instance of singleton bean 'jpaMappingContext'
2025-04-08T06:36:46.391+08:00 DEBUG 84480 --- [Smart Health - Backend Service] [           main] .c.JpaMetamodelMappingContextFactoryBean : Initializing JpaMetamodelMappingContext…
2025-04-08T06:36:46.398+08:00 DEBUG 84480 --- [Smart Health - Backend Service] [           main] .c.JpaMetamodelMappingContextFactoryBean : Finished initializing JpaMetamodelMappingContext
2025-04-08T06:36:46.411+08:00 DEBUG 84480 --- [Smart Health - Backend Service] [           main] tor$SharedEntityManagerInvocationHandler : Creating new EntityManager for shared EntityManager invocation
2025-04-08T06:36:46.434+08:00 DEBUG 84480 --- [Smart Health - Backend Service] [           main] tor$SharedEntityManagerInvocationHandler : Creating new EntityManager for shared EntityManager invocation
2025-04-08T06:36:46.472+08:00 DEBUG 84480 --- [Smart Health - Backend Service] [           main] o.s.d.r.c.s.RepositoryFactorySupport     : Initializing repository instance for com.SmartHealth.SmartHealth_backend.repository.UserRepository…
2025-04-08T06:36:46.478+08:00 DEBUG 84480 --- [Smart Health - Backend Service] [           main] tor$SharedEntityManagerInvocationHandler : Creating new EntityManager for shared EntityManager invocation
2025-04-08T06:36:46.500+08:00 DEBUG 84480 --- [Smart Health - Backend Service] [           main] o.s.d.jpa.repository.query.NamedQuery    : Did not find named query User.findByEmail.count
2025-04-08T06:36:46.500+08:00 DEBUG 84480 --- [Smart Health - Backend Service] [           main] tor$SharedEntityManagerInvocationHandler : Creating new EntityManager for shared EntityManager invocation
2025-04-08T06:36:46.507+08:00  INFO 84480 --- [Smart Health - Backend Service] [           main] o.s.d.j.r.query.QueryEnhancerFactory     : Hibernate is in classpath; If applicable, HQL parser will be used.
2025-04-08T06:36:46.925+08:00 DEBUG 84480 --- [Smart Health - Backend Service] [           main] o.s.d.r.c.s.RepositoryFactorySupport     : Finished creation of repository instance for com.SmartHealth.SmartHealth_backend.repository.UserRepository.
2025-04-08T06:36:46.928+08:00 DEBUG 84480 --- [Smart Health - Backend Service] [           main] o.s.b.f.s.DefaultListableBeanFactory     : Autowiring by type from bean name 'customUserDetailsService' via constructor to bean named 'userRepository'
2025-04-08T06:36:46.928+08:00 DEBUG 84480 --- [Smart Health - Backend Service] [           main] o.s.b.f.s.DefaultListableBeanFactory     : Autowiring by type from bean name 'securityConfig' via constructor to bean named 'customUserDetailsService'
2025-04-08T06:36:46.929+08:00 DEBUG 84480 --- [Smart Health - Backend Service] [           main] o.s.b.f.s.DefaultListableBeanFactory     : Creating shared instance of singleton bean 'authController'
2025-04-08T06:36:46.931+08:00 DEBUG 84480 --- [Smart Health - Backend Service] [           main] o.s.b.f.s.DefaultListableBeanFactory     : Creating shared instance of singleton bean 'userServiceImpl'
2025-04-08T06:36:46.931+08:00 DEBUG 84480 --- [Smart Health - Backend Service] [           main] o.s.b.f.s.DefaultListableBeanFactory     : Creating shared instance of singleton bean 'passwordEncoder'
2025-04-08T06:36:46.932+08:00 DEBUG 84480 --- [Smart Health - Backend Service] [           main] o.s.b.f.s.DefaultListableBeanFactory     : Creating shared instance of singleton bean 's3Service'
2025-04-08T06:36:46.932+08:00 DEBUG 84480 --- [Smart Health - Backend Service] [           main] o.s.b.f.s.DefaultListableBeanFactory     : Creating shared instance of singleton bean 's3Client'
2025-04-08T06:36:47.151+08:00 DEBUG 84480 --- [Smart Health - Backend Service] [           main] o.s.b.f.s.DefaultListableBeanFactory     : Autowiring by type from bean name 's3Service' via constructor to bean named 's3Client'
2025-04-08T06:36:47.151+08:00 DEBUG 84480 --- [Smart Health - Backend Service] [           main] o.s.c.e.PropertySourcesPropertyResolver  : Found key 'aws.s3.bucket-name' in PropertySource 'environmentProperties' with value of type String
2025-04-08T06:36:47.152+08:00 DEBUG 84480 --- [Smart Health - Backend Service] [           main] o.s.b.f.s.DefaultListableBeanFactory     : Autowiring by type from bean name 'userServiceImpl' via constructor to bean named 'userRepository'
2025-04-08T06:36:47.152+08:00 DEBUG 84480 --- [Smart Health - Backend Service] [           main] o.s.b.f.s.DefaultListableBeanFactory     : Autowiring by type from bean name 'userServiceImpl' via constructor to bean named 'passwordEncoder'
2025-04-08T06:36:47.152+08:00 DEBUG 84480 --- [Smart Health - Backend Service] [           main] o.s.b.f.s.DefaultListableBeanFactory     : Autowiring by type from bean name 'userServiceImpl' via constructor to bean named 's3Service'
2025-04-08T06:36:47.152+08:00 DEBUG 84480 --- [Smart Health - Backend Service] [           main] o.s.b.f.s.DefaultListableBeanFactory     : Autowiring by type from bean name 'authController' via constructor to bean named 'userServiceImpl'
2025-04-08T06:36:47.153+08:00 DEBUG 84480 --- [Smart Health - Backend Service] [           main] o.s.b.f.s.DefaultListableBeanFactory     : Creating shared instance of singleton bean 'eventController'
2025-04-08T06:36:47.155+08:00 DEBUG 84480 --- [Smart Health - Backend Service] [           main] o.s.b.f.s.DefaultListableBeanFactory     : Creating shared instance of singleton bean 'eventServiceImpl'
2025-04-08T06:36:47.156+08:00 DEBUG 84480 --- [Smart Health - Backend Service] [           main] o.s.b.f.s.DefaultListableBeanFactory     : Creating shared instance of singleton bean 'eventRepository'
2025-04-08T06:36:47.156+08:00 DEBUG 84480 --- [Smart Health - Backend Service] [           main] o.s.b.f.s.DefaultListableBeanFactory     : Creating shared instance of singleton bean 'jpa.named-queries#0'
2025-04-08T06:36:47.157+08:00 DEBUG 84480 --- [Smart Health - Backend Service] [           main] o.s.b.f.s.DefaultListableBeanFactory     : Creating shared instance of singleton bean 'jpa.EventRepository.fragments#0'
2025-04-08T06:36:47.158+08:00 DEBUG 84480 --- [Smart Health - Backend Service] [           main] tor$SharedEntityManagerInvocationHandler : Creating new EntityManager for shared EntityManager invocation
2025-04-08T06:36:47.158+08:00 DEBUG 84480 --- [Smart Health - Backend Service] [           main] o.s.d.r.c.s.RepositoryFactorySupport     : Initializing repository instance for com.SmartHealth.SmartHealth_backend.repository.EventRepository…
2025-04-08T06:36:47.158+08:00 DEBUG 84480 --- [Smart Health - Backend Service] [           main] tor$SharedEntityManagerInvocationHandler : Creating new EntityManager for shared EntityManager invocation
2025-04-08T06:36:47.160+08:00 DEBUG 84480 --- [Smart Health - Backend Service] [           main] o.s.d.jpa.repository.query.NamedQuery    : Looking up named query 'Event.findByUser'
2025-04-08T06:36:47.161+08:00 DEBUG 84480 --- [Smart Health - Backend Service] [           main] o.s.d.jpa.repository.query.NamedQuery    : Did not find named query Event.findByUser
2025-04-08T06:36:47.162+08:00 DEBUG 84480 --- [Smart Health - Backend Service] [           main] tor$SharedEntityManagerInvocationHandler : Creating new EntityManager for shared EntityManager invocation
2025-04-08T06:36:47.172+08:00 DEBUG 84480 --- [Smart Health - Backend Service] [           main] o.s.d.jpa.repository.query.NamedQuery    : Looking up named query 'Event.findByUserIdAndEventStartCalendarBetween'
2025-04-08T06:36:47.173+08:00 DEBUG 84480 --- [Smart Health - Backend Service] [           main] o.s.d.jpa.repository.query.NamedQuery    : Did not find named query Event.findByUserIdAndEventStartCalendarBetween
2025-04-08T06:36:47.173+08:00 DEBUG 84480 --- [Smart Health - Backend Service] [           main] tor$SharedEntityManagerInvocationHandler : Creating new EntityManager for shared EntityManager invocation
2025-04-08T06:36:47.180+08:00 DEBUG 84480 --- [Smart Health - Backend Service] [           main] o.s.d.r.c.s.RepositoryFactorySupport     : Finished creation of repository instance for com.SmartHealth.SmartHealth_backend.repository.EventRepository.
2025-04-08T06:36:47.181+08:00 DEBUG 84480 --- [Smart Health - Backend Service] [           main] o.s.b.f.s.DefaultListableBeanFactory     : Autowiring by type from bean name 'eventServiceImpl' via constructor to bean named 'eventRepository'
2025-04-08T06:36:47.181+08:00 DEBUG 84480 --- [Smart Health - Backend Service] [           main] o.s.b.f.s.DefaultListableBeanFactory     : Autowiring by type from bean name 'eventServiceImpl' via constructor to bean named 'userRepository'
2025-04-08T06:36:47.182+08:00 DEBUG 84480 --- [Smart Health - Backend Service] [           main] o.s.b.f.s.DefaultListableBeanFactory     : Autowiring by type from bean name 'eventController' via constructor to bean named 'eventServiceImpl'
2025-04-08T06:36:47.182+08:00 DEBUG 84480 --- [Smart Health - Backend Service] [           main] o.s.b.f.s.DefaultListableBeanFactory     : Creating shared instance of singleton bean 'medicineController'
2025-04-08T06:36:47.183+08:00 DEBUG 84480 --- [Smart Health - Backend Service] [           main] o.s.b.f.s.DefaultListableBeanFactory     : Creating shared instance of singleton bean 'medicineServiceImpl'
2025-04-08T06:36:47.183+08:00 DEBUG 84480 --- [Smart Health - Backend Service] [           main] o.s.b.f.s.DefaultListableBeanFactory     : Creating shared instance of singleton bean 'medicineRepository'
2025-04-08T06:36:47.184+08:00 DEBUG 84480 --- [Smart Health - Backend Service] [           main] o.s.b.f.s.DefaultListableBeanFactory     : Creating shared instance of singleton bean 'jpa.named-queries#3'
2025-04-08T06:36:47.184+08:00 DEBUG 84480 --- [Smart Health - Backend Service] [           main] o.s.b.f.s.DefaultListableBeanFactory     : Creating shared instance of singleton bean 'jpa.MedicineRepository.fragments#0'
2025-04-08T06:36:47.185+08:00 DEBUG 84480 --- [Smart Health - Backend Service] [           main] tor$SharedEntityManagerInvocationHandler : Creating new EntityManager for shared EntityManager invocation
2025-04-08T06:36:47.185+08:00 DEBUG 84480 --- [Smart Health - Backend Service] [           main] o.s.d.r.c.s.RepositoryFactorySupport     : Initializing repository instance for com.SmartHealth.SmartHealth_backend.repository.MedicineRepository…
2025-04-08T06:36:47.185+08:00 DEBUG 84480 --- [Smart Health - Backend Service] [           main] tor$SharedEntityManagerInvocationHandler : Creating new EntityManager for shared EntityManager invocation
2025-04-08T06:36:47.187+08:00 DEBUG 84480 --- [Smart Health - Backend Service] [           main] o.s.d.jpa.repository.query.NamedQuery    : Looking up named query 'Medicine.findByUser'
2025-04-08T06:36:47.187+08:00 DEBUG 84480 --- [Smart Health - Backend Service] [           main] o.s.d.jpa.repository.query.NamedQuery    : Did not find named query Medicine.findByUser
2025-04-08T06:36:47.187+08:00 DEBUG 84480 --- [Smart Health - Backend Service] [           main] tor$SharedEntityManagerInvocationHandler : Creating new EntityManager for shared EntityManager invocation
2025-04-08T06:36:47.190+08:00 DEBUG 84480 --- [Smart Health - Backend Service] [           main] o.s.d.r.c.s.RepositoryFactorySupport     : Finished creation of repository instance for com.SmartHealth.SmartHealth_backend.repository.MedicineRepository.
2025-04-08T06:36:47.191+08:00 DEBUG 84480 --- [Smart Health - Backend Service] [           main] o.s.b.f.s.DefaultListableBeanFactory     : Autowiring by type from bean name 'medicineServiceImpl' via constructor to bean named 'medicineRepository'
2025-04-08T06:36:47.191+08:00 DEBUG 84480 --- [Smart Health - Backend Service] [           main] o.s.b.f.s.DefaultListableBeanFactory     : Autowiring by type from bean name 'medicineServiceImpl' via constructor to bean named 's3Service'
2025-04-08T06:36:47.191+08:00 DEBUG 84480 --- [Smart Health - Backend Service] [           main] o.s.b.f.s.DefaultListableBeanFactory     : Autowiring by type from bean name 'medicineServiceImpl' via constructor to bean named 'userRepository'
2025-04-08T06:36:47.191+08:00 DEBUG 84480 --- [Smart Health - Backend Service] [           main] o.s.b.f.s.DefaultListableBeanFactory     : Autowiring by type from bean name 'medicineController' via constructor to bean named 'medicineServiceImpl'
2025-04-08T06:36:47.192+08:00 DEBUG 84480 --- [Smart Health - Backend Service] [           main] o.s.b.f.s.DefaultListableBeanFactory     : Creating shared instance of singleton bean 'nutrientIntakeController'
2025-04-08T06:36:47.192+08:00 DEBUG 84480 --- [Smart Health - Backend Service] [           main] o.s.b.f.s.DefaultListableBeanFactory     : Creating shared instance of singleton bean 'nutrientIntakeServiceImpl'
2025-04-08T06:36:47.192+08:00 DEBUG 84480 --- [Smart Health - Backend Service] [           main] o.s.b.f.s.DefaultListableBeanFactory     : Creating shared instance of singleton bean 'nutrientIntakeRepository'
2025-04-08T06:36:47.193+08:00 DEBUG 84480 --- [Smart Health - Backend Service] [           main] o.s.b.f.s.DefaultListableBeanFactory     : Creating shared instance of singleton bean 'jpa.named-queries#4'
2025-04-08T06:36:47.193+08:00 DEBUG 84480 --- [Smart Health - Backend Service] [           main] o.s.b.f.s.DefaultListableBeanFactory     : Creating shared instance of singleton bean 'jpa.NutrientIntakeRepository.fragments#0'
2025-04-08T06:36:47.194+08:00 DEBUG 84480 --- [Smart Health - Backend Service] [           main] tor$SharedEntityManagerInvocationHandler : Creating new EntityManager for shared EntityManager invocation
2025-04-08T06:36:47.194+08:00 DEBUG 84480 --- [Smart Health - Backend Service] [           main] o.s.d.r.c.s.RepositoryFactorySupport     : Initializing repository instance for com.SmartHealth.SmartHealth_backend.repository.NutrientIntakeRepository…
2025-04-08T06:36:47.194+08:00 DEBUG 84480 --- [Smart Health - Backend Service] [           main] tor$SharedEntityManagerInvocationHandler : Creating new EntityManager for shared EntityManager invocation
2025-04-08T06:36:47.196+08:00 DEBUG 84480 --- [Smart Health - Backend Service] [           main] o.s.d.jpa.repository.query.NamedQuery    : Looking up named query 'NutrientIntake.existsByUser'
2025-04-08T06:36:47.196+08:00 DEBUG 84480 --- [Smart Health - Backend Service] [           main] o.s.d.jpa.repository.query.NamedQuery    : Did not find named query NutrientIntake.existsByUser
2025-04-08T06:36:47.196+08:00 DEBUG 84480 --- [Smart Health - Backend Service] [           main] tor$SharedEntityManagerInvocationHandler : Creating new EntityManager for shared EntityManager invocation
2025-04-08T06:36:47.197+08:00 DEBUG 84480 --- [Smart Health - Backend Service] [           main] o.s.d.jpa.repository.query.NamedQuery    : Looking up named query 'NutrientIntake.findByUserAndIntakeDate'
2025-04-08T06:36:47.197+08:00 DEBUG 84480 --- [Smart Health - Backend Service] [           main] o.s.d.jpa.repository.query.NamedQuery    : Did not find named query NutrientIntake.findByUserAndIntakeDate
2025-04-08T06:36:47.198+08:00 DEBUG 84480 --- [Smart Health - Backend Service] [           main] tor$SharedEntityManagerInvocationHandler : Creating new EntityManager for shared EntityManager invocation
2025-04-08T06:36:47.201+08:00 DEBUG 84480 --- [Smart Health - Backend Service] [           main] o.s.d.r.c.s.RepositoryFactorySupport     : Finished creation of repository instance for com.SmartHealth.SmartHealth_backend.repository.NutrientIntakeRepository.
2025-04-08T06:36:47.201+08:00 DEBUG 84480 --- [Smart Health - Backend Service] [           main] o.s.b.f.s.DefaultListableBeanFactory     : Autowiring by type from bean name 'nutrientIntakeServiceImpl' via constructor to bean named 'nutrientIntakeRepository'
2025-04-08T06:36:47.202+08:00 DEBUG 84480 --- [Smart Health - Backend Service] [           main] o.s.b.f.s.DefaultListableBeanFactory     : Autowiring by type from bean name 'nutrientIntakeServiceImpl' via constructor to bean named 'userRepository'
2025-04-08T06:36:47.202+08:00 DEBUG 84480 --- [Smart Health - Backend Service] [           main] o.s.b.f.s.DefaultListableBeanFactory     : Autowiring by type from bean name 'nutrientIntakeController' via constructor to bean named 'nutrientIntakeServiceImpl'
2025-04-08T06:36:47.202+08:00 DEBUG 84480 --- [Smart Health - Backend Service] [           main] o.s.b.f.s.DefaultListableBeanFactory     : Creating shared instance of singleton bean 'upcomingScheduleController'
2025-04-08T06:36:47.203+08:00 DEBUG 84480 --- [Smart Health - Backend Service] [           main] o.s.b.f.s.DefaultListableBeanFactory     : Creating shared instance of singleton bean 'upcomingScheduleServiceImpl'
2025-04-08T06:36:47.203+08:00 DEBUG 84480 --- [Smart Health - Backend Service] [           main] o.s.b.f.s.DefaultListableBeanFactory     : Creating shared instance of singleton bean 'upcomingScheduleRepository'
2025-04-08T06:36:47.203+08:00 DEBUG 84480 --- [Smart Health - Backend Service] [           main] o.s.b.f.s.DefaultListableBeanFactory     : Creating shared instance of singleton bean 'jpa.named-queries#2'
2025-04-08T06:36:47.204+08:00 DEBUG 84480 --- [Smart Health - Backend Service] [           main] o.s.b.f.s.DefaultListableBeanFactory     : Creating shared instance of singleton bean 'jpa.UpcomingScheduleRepository.fragments#0'
2025-04-08T06:36:47.204+08:00 DEBUG 84480 --- [Smart Health - Backend Service] [           main] tor$SharedEntityManagerInvocationHandler : Creating new EntityManager for shared EntityManager invocation
2025-04-08T06:36:47.205+08:00 DEBUG 84480 --- [Smart Health - Backend Service] [           main] o.s.d.r.c.s.RepositoryFactorySupport     : Initializing repository instance for com.SmartHealth.SmartHealth_backend.repository.UpcomingScheduleRepository…
2025-04-08T06:36:47.205+08:00 DEBUG 84480 --- [Smart Health - Backend Service] [           main] tor$SharedEntityManagerInvocationHandler : Creating new EntityManager for shared EntityManager invocation
2025-04-08T06:36:47.206+08:00 DEBUG 84480 --- [Smart Health - Backend Service] [           main] o.s.d.jpa.repository.query.NamedQuery    : Looking up named query 'UpcomingSchedule.findByUser'
2025-04-08T06:36:47.206+08:00 DEBUG 84480 --- [Smart Health - Backend Service] [           main] o.s.d.jpa.repository.query.NamedQuery    : Did not find named query UpcomingSchedule.findByUser
2025-04-08T06:36:47.206+08:00 DEBUG 84480 --- [Smart Health - Backend Service] [           main] tor$SharedEntityManagerInvocationHandler : Creating new EntityManager for shared EntityManager invocation
2025-04-08T06:36:47.207+08:00 DEBUG 84480 --- [Smart Health - Backend Service] [           main] o.s.d.jpa.repository.query.NamedQuery    : Looking up named query 'UpcomingSchedule.findByUserIdAndScheduleCalendarBetween'
2025-04-08T06:36:47.207+08:00 DEBUG 84480 --- [Smart Health - Backend Service] [           main] o.s.d.jpa.repository.query.NamedQuery    : Did not find named query UpcomingSchedule.findByUserIdAndScheduleCalendarBetween
2025-04-08T06:36:47.207+08:00 DEBUG 84480 --- [Smart Health - Backend Service] [           main] tor$SharedEntityManagerInvocationHandler : Creating new EntityManager for shared EntityManager invocation
2025-04-08T06:36:47.211+08:00 DEBUG 84480 --- [Smart Health - Backend Service] [           main] o.s.d.r.c.s.RepositoryFactorySupport     : Finished creation of repository instance for com.SmartHealth.SmartHealth_backend.repository.UpcomingScheduleRepository.
2025-04-08T06:36:47.211+08:00 DEBUG 84480 --- [Smart Health - Backend Service] [           main] o.s.b.f.s.DefaultListableBeanFactory     : Autowiring by type from bean name 'upcomingScheduleServiceImpl' via constructor to bean named 'userRepository'
2025-04-08T06:36:47.212+08:00 DEBUG 84480 --- [Smart Health - Backend Service] [           main] o.s.b.f.s.DefaultListableBeanFactory     : Autowiring by type from bean name 'upcomingScheduleServiceImpl' via constructor to bean named 'medicineRepository'
2025-04-08T06:36:47.212+08:00 DEBUG 84480 --- [Smart Health - Backend Service] [           main] o.s.b.f.s.DefaultListableBeanFactory     : Autowiring by type from bean name 'upcomingScheduleServiceImpl' via constructor to bean named 'upcomingScheduleRepository'
2025-04-08T06:36:47.212+08:00 DEBUG 84480 --- [Smart Health - Backend Service] [           main] o.s.b.f.s.DefaultListableBeanFactory     : Autowiring by type from bean name 'upcomingScheduleController' via constructor to bean named 'upcomingScheduleServiceImpl'
2025-04-08T06:36:47.212+08:00 DEBUG 84480 --- [Smart Health - Backend Service] [           main] o.s.b.f.s.DefaultListableBeanFactory     : Creating shared instance of singleton bean 'userController'
2025-04-08T06:36:47.213+08:00 DEBUG 84480 --- [Smart Health - Backend Service] [           main] o.s.b.f.s.DefaultListableBeanFactory     : Autowiring by type from bean name 'userController' via constructor to bean named 'userServiceImpl'
2025-04-08T06:36:47.219+08:00 DEBUG 84480 --- [Smart Health - Backend Service] [           main] o.s.b.f.s.DefaultListableBeanFactory     : Creating shared instance of singleton bean 'securityFilterChain'
2025-04-08T06:36:47.220+08:00 DEBUG 84480 --- [Smart Health - Backend Service] [           main] o.s.b.f.s.DefaultListableBeanFactory     : Creating shared instance of singleton bean 'org.springframework.security.config.annotation.web.configuration.HttpSecurityConfiguration'
2025-04-08T06:36:47.222+08:00 DEBUG 84480 --- [Smart Health - Backend Service] [           main] o.s.b.f.s.DefaultListableBeanFactory     : Creating shared instance of singleton bean 'objectPostProcessor'
2025-04-08T06:36:47.222+08:00 DEBUG 84480 --- [Smart Health - Backend Service] [           main] o.s.b.f.s.DefaultListableBeanFactory     : Creating shared instance of singleton bean 'org.springframework.security.config.annotation.configuration.ObjectPostProcessorConfiguration'
2025-04-08T06:36:47.222+08:00 DEBUG 84480 --- [Smart Health - Backend Service] [           main] o.s.b.f.s.DefaultListableBeanFactory     : Autowiring by type from bean name 'objectPostProcessor' via factory method to bean named 'org.springframework.beans.factory.support.DefaultListableBeanFactory@2adddc06'
2025-04-08T06:36:47.223+08:00 DEBUG 84480 --- [Smart Health - Backend Service] [           main] o.s.b.f.s.DefaultListableBeanFactory     : Creating shared instance of singleton bean 'org.springframework.security.config.annotation.authentication.configuration.AuthenticationConfiguration'
2025-04-08T06:36:47.224+08:00 DEBUG 84480 --- [Smart Health - Backend Service] [           main] o.s.b.f.s.DefaultListableBeanFactory     : Creating shared instance of singleton bean 'enableGlobalAuthenticationAutowiredConfigurer'
2025-04-08T06:36:47.224+08:00 DEBUG 84480 --- [Smart Health - Backend Service] [           main] o.s.b.f.s.DefaultListableBeanFactory     : Autowiring by type from bean name 'enableGlobalAuthenticationAutowiredConfigurer' via factory method to bean named 'org.springframework.web.context.support.GenericWebApplicationContext@405325cf'
2025-04-08T06:36:47.225+08:00 DEBUG 84480 --- [Smart Health - Backend Service] [           main] o.s.b.f.s.DefaultListableBeanFactory     : Creating shared instance of singleton bean 'initializeUserDetailsBeanManagerConfigurer'
2025-04-08T06:36:47.225+08:00 DEBUG 84480 --- [Smart Health - Backend Service] [           main] o.s.b.f.s.DefaultListableBeanFactory     : Autowiring by type from bean name 'initializeUserDetailsBeanManagerConfigurer' via factory method to bean named 'org.springframework.web.context.support.GenericWebApplicationContext@405325cf'
2025-04-08T06:36:47.225+08:00 DEBUG 84480 --- [Smart Health - Backend Service] [           main] o.s.b.f.s.DefaultListableBeanFactory     : Creating shared instance of singleton bean 'initializeAuthenticationProviderBeanManagerConfigurer'
2025-04-08T06:36:47.225+08:00 DEBUG 84480 --- [Smart Health - Backend Service] [           main] o.s.b.f.s.DefaultListableBeanFactory     : Autowiring by type from bean name 'initializeAuthenticationProviderBeanManagerConfigurer' via factory method to bean named 'org.springframework.web.context.support.GenericWebApplicationContext@405325cf'
2025-04-08T06:36:47.226+08:00 DEBUG 84480 --- [Smart Health - Backend Service] [           main] o.s.b.f.s.DefaultListableBeanFactory     : Creating shared instance of singleton bean 'mvcContentNegotiationManager'
2025-04-08T06:36:47.226+08:00 DEBUG 84480 --- [Smart Health - Backend Service] [           main] o.s.b.f.s.DefaultListableBeanFactory     : Creating shared instance of singleton bean 'org.springframework.boot.autoconfigure.web.servlet.WebMvcAutoConfiguration$EnableWebMvcConfiguration'
2025-04-08T06:36:47.227+08:00 DEBUG 84480 --- [Smart Health - Backend Service] [           main] o.s.b.f.s.DefaultListableBeanFactory     : Creating shared instance of singleton bean 'spring.mvc-org.springframework.boot.autoconfigure.web.servlet.WebMvcProperties'
2025-04-08T06:36:47.231+08:00 DEBUG 84480 --- [Smart Health - Backend Service] [           main] o.s.b.f.s.DefaultListableBeanFactory     : Creating shared instance of singleton bean 'spring.web-org.springframework.boot.autoconfigure.web.WebProperties'
2025-04-08T06:36:47.233+08:00 DEBUG 84480 --- [Smart Health - Backend Service] [           main] o.s.b.f.s.DefaultListableBeanFactory     : Autowiring by type from bean name 'org.springframework.boot.autoconfigure.web.servlet.WebMvcAutoConfiguration$EnableWebMvcConfiguration' via constructor to bean named 'spring.mvc-org.springframework.boot.autoconfigure.web.servlet.WebMvcProperties'
2025-04-08T06:36:47.233+08:00 DEBUG 84480 --- [Smart Health - Backend Service] [           main] o.s.b.f.s.DefaultListableBeanFactory     : Autowiring by type from bean name 'org.springframework.boot.autoconfigure.web.servlet.WebMvcAutoConfiguration$EnableWebMvcConfiguration' via constructor to bean named 'spring.web-org.springframework.boot.autoconfigure.web.WebProperties'
2025-04-08T06:36:47.233+08:00 DEBUG 84480 --- [Smart Health - Backend Service] [           main] o.s.b.f.s.DefaultListableBeanFactory     : Autowiring by type from bean name 'org.springframework.boot.autoconfigure.web.servlet.WebMvcAutoConfiguration$EnableWebMvcConfiguration' via constructor to bean named 'org.springframework.beans.factory.support.DefaultListableBeanFactory@2adddc06'
2025-04-08T06:36:47.236+08:00 DEBUG 84480 --- [Smart Health - Backend Service] [           main] o.s.b.f.s.DefaultListableBeanFactory     : Creating shared instance of singleton bean 'org.springframework.boot.autoconfigure.web.servlet.WebMvcAutoConfiguration$WebMvcAutoConfigurationAdapter'
2025-04-08T06:36:47.236+08:00 DEBUG 84480 --- [Smart Health - Backend Service] [           main] o.s.b.f.s.DefaultListableBeanFactory     : Autowiring by type from bean name 'org.springframework.boot.autoconfigure.web.servlet.WebMvcAutoConfiguration$WebMvcAutoConfigurationAdapter' via constructor to bean named 'spring.web-org.springframework.boot.autoconfigure.web.WebProperties'
2025-04-08T06:36:47.236+08:00 DEBUG 84480 --- [Smart Health - Backend Service] [           main] o.s.b.f.s.DefaultListableBeanFactory     : Autowiring by type from bean name 'org.springframework.boot.autoconfigure.web.servlet.WebMvcAutoConfiguration$WebMvcAutoConfigurationAdapter' via constructor to bean named 'spring.mvc-org.springframework.boot.autoconfigure.web.servlet.WebMvcProperties'
2025-04-08T06:36:47.236+08:00 DEBUG 84480 --- [Smart Health - Backend Service] [           main] o.s.b.f.s.DefaultListableBeanFactory     : Autowiring by type from bean name 'org.springframework.boot.autoconfigure.web.servlet.WebMvcAutoConfiguration$WebMvcAutoConfigurationAdapter' via constructor to bean named 'org.springframework.beans.factory.support.DefaultListableBeanFactory@2adddc06'
2025-04-08T06:36:47.238+08:00 DEBUG 84480 --- [Smart Health - Backend Service] [           main] o.s.b.f.s.DefaultListableBeanFactory     : Creating shared instance of singleton bean 'openEntityManagerInViewInterceptorConfigurer'
2025-04-08T06:36:47.238+08:00 DEBUG 84480 --- [Smart Health - Backend Service] [           main] o.s.b.f.s.DefaultListableBeanFactory     : Creating shared instance of singleton bean 'org.springframework.boot.autoconfigure.orm.jpa.JpaBaseConfiguration$JpaWebConfiguration'
2025-04-08T06:36:47.238+08:00 DEBUG 84480 --- [Smart Health - Backend Service] [           main] o.s.b.f.s.DefaultListableBeanFactory     : Autowiring by type from bean name 'org.springframework.boot.autoconfigure.orm.jpa.JpaBaseConfiguration$JpaWebConfiguration' via constructor to bean named 'spring.jpa-org.springframework.boot.autoconfigure.orm.jpa.JpaProperties'
2025-04-08T06:36:47.238+08:00 DEBUG 84480 --- [Smart Health - Backend Service] [           main] o.s.b.f.s.DefaultListableBeanFactory     : Creating shared instance of singleton bean 'openEntityManagerInViewInterceptor'
2025-04-08T06:36:47.238+08:00  WARN 84480 --- [Smart Health - Backend Service] [           main] JpaBaseConfiguration$JpaWebConfiguration : spring.jpa.open-in-view is enabled by default. Therefore, database queries may be performed during view rendering. Explicitly configure spring.jpa.open-in-view to disable this warning
2025-04-08T06:36:47.240+08:00 DEBUG 84480 --- [Smart Health - Backend Service] [           main] o.s.b.f.s.DefaultListableBeanFactory     : Autowiring by type from bean name 'openEntityManagerInViewInterceptorConfigurer' via factory method to bean named 'openEntityManagerInViewInterceptor'
2025-04-08T06:36:47.240+08:00 DEBUG 84480 --- [Smart Health - Backend Service] [           main] o.s.b.f.s.DefaultListableBeanFactory     : Creating shared instance of singleton bean 'org.springframework.data.web.config.SpringDataWebConfiguration'
2025-04-08T06:36:47.241+08:00 DEBUG 84480 --- [Smart Health - Backend Service] [           main] o.s.b.f.s.DefaultListableBeanFactory     : Autowiring by type from bean name 'org.springframework.data.web.config.SpringDataWebConfiguration' via constructor to bean named 'org.springframework.web.context.support.GenericWebApplicationContext@405325cf'
2025-04-08T06:36:47.242+08:00 DEBUG 84480 --- [Smart Health - Backend Service] [           main] o.s.b.f.s.DefaultListableBeanFactory     : Creating shared instance of singleton bean 'org.springframework.security.config.annotation.web.configuration.WebMvcSecurityConfiguration'
2025-04-08T06:36:47.248+08:00 DEBUG 84480 --- [Smart Health - Backend Service] [           main] o.s.b.f.s.DefaultListableBeanFactory     : Creating shared instance of singleton bean 'authenticationManagerBuilder'
2025-04-08T06:36:47.248+08:00 DEBUG 84480 --- [Smart Health - Backend Service] [           main] o.s.b.f.s.DefaultListableBeanFactory     : Autowiring by type from bean name 'authenticationManagerBuilder' via factory method to bean named 'objectPostProcessor'
2025-04-08T06:36:47.248+08:00 DEBUG 84480 --- [Smart Health - Backend Service] [           main] o.s.b.f.s.DefaultListableBeanFactory     : Autowiring by type from bean name 'authenticationManagerBuilder' via factory method to bean named 'org.springframework.web.context.support.GenericWebApplicationContext@405325cf'
2025-04-08T06:36:47.248+08:00 DEBUG 84480 --- [Smart Health - Backend Service] [           main] o.s.b.f.s.DefaultListableBeanFactory     : Creating shared instance of singleton bean 'authenticationEventPublisher'
2025-04-08T06:36:47.248+08:00 DEBUG 84480 --- [Smart Health - Backend Service] [           main] o.s.b.f.s.DefaultListableBeanFactory     : Creating shared instance of singleton bean 'org.springframework.boot.autoconfigure.security.servlet.SecurityAutoConfiguration'
2025-04-08T06:36:47.248+08:00 DEBUG 84480 --- [Smart Health - Backend Service] [           main] o.s.b.f.s.DefaultListableBeanFactory     : Autowiring by type from bean name 'authenticationEventPublisher' via factory method to bean named 'org.springframework.web.context.support.GenericWebApplicationContext@405325cf'
2025-04-08T06:36:47.253+08:00 DEBUG 84480 --- [Smart Health - Backend Service] [           main] o.s.b.f.s.DefaultListableBeanFactory     : Creating shared instance of singleton bean 'org.springframework.boot.autoconfigure.security.servlet.SpringBootWebSecurityConfiguration$WebSecurityEnablerConfiguration'
2025-04-08T06:36:47.256+08:00  INFO 84480 --- [Smart Health - Backend Service] [           main] r$InitializeUserDetailsManagerConfigurer : Global AuthenticationManager configured with UserDetailsService bean with name customUserDetailsService
2025-04-08T06:36:47.280+08:00 DEBUG 84480 --- [Smart Health - Backend Service] [           main] o.s.b.f.s.DefaultListableBeanFactory     : Autowiring by type from bean name 'securityFilterChain' via factory method to bean named 'org.springframework.security.config.annotation.web.configuration.HttpSecurityConfiguration.httpSecurity'
2025-04-08T06:36:47.283+08:00 DEBUG 84480 --- [Smart Health - Backend Service] [           main] o.s.b.f.s.DefaultListableBeanFactory     : Creating shared instance of singleton bean 'webAuthorizationManagerPostProcessor'
2025-04-08T06:36:47.284+08:00 DEBUG 84480 --- [Smart Health - Backend Service] [           main] o.s.b.f.s.DefaultListableBeanFactory     : Creating shared instance of singleton bean 'mvcHandlerMappingIntrospector'
2025-04-08T06:36:47.287+08:00 DEBUG 84480 --- [Smart Health - Backend Service] [           main] o.s.b.f.s.DefaultListableBeanFactory     : Creating shared instance of singleton bean 'welcomePageHandlerMapping'
2025-04-08T06:36:47.287+08:00 DEBUG 84480 --- [Smart Health - Backend Service] [           main] o.s.b.f.s.DefaultListableBeanFactory     : Creating shared instance of singleton bean 'mvcConversionService'
2025-04-08T06:36:47.291+08:00 DEBUG 84480 --- [Smart Health - Backend Service] [           main] o.s.b.f.s.DefaultListableBeanFactory     : Creating shared instance of singleton bean 'mvcResourceUrlProvider'
2025-04-08T06:36:47.292+08:00 DEBUG 84480 --- [Smart Health - Backend Service] [           main] o.s.b.f.s.DefaultListableBeanFactory     : Autowiring by type from bean name 'welcomePageHandlerMapping' via factory method to bean named 'org.springframework.web.context.support.GenericWebApplicationContext@405325cf'
2025-04-08T06:36:47.292+08:00 DEBUG 84480 --- [Smart Health - Backend Service] [           main] o.s.b.f.s.DefaultListableBeanFactory     : Autowiring by type from bean name 'welcomePageHandlerMapping' via factory method to bean named 'mvcConversionService'
2025-04-08T06:36:47.292+08:00 DEBUG 84480 --- [Smart Health - Backend Service] [           main] o.s.b.f.s.DefaultListableBeanFactory     : Autowiring by type from bean name 'welcomePageHandlerMapping' via factory method to bean named 'mvcResourceUrlProvider'
2025-04-08T06:36:47.299+08:00 DEBUG 84480 --- [Smart Health - Backend Service] [           main] o.s.b.f.s.DefaultListableBeanFactory     : Creating shared instance of singleton bean 'welcomePageNotAcceptableHandlerMapping'
2025-04-08T06:36:47.299+08:00 DEBUG 84480 --- [Smart Health - Backend Service] [           main] o.s.b.f.s.DefaultListableBeanFactory     : Autowiring by type from bean name 'welcomePageNotAcceptableHandlerMapping' via factory method to bean named 'org.springframework.web.context.support.GenericWebApplicationContext@405325cf'
2025-04-08T06:36:47.299+08:00 DEBUG 84480 --- [Smart Health - Backend Service] [           main] o.s.b.f.s.DefaultListableBeanFactory     : Autowiring by type from bean name 'welcomePageNotAcceptableHandlerMapping' via factory method to bean named 'mvcConversionService'
2025-04-08T06:36:47.299+08:00 DEBUG 84480 --- [Smart Health - Backend Service] [           main] o.s.b.f.s.DefaultListableBeanFactory     : Autowiring by type from bean name 'welcomePageNotAcceptableHandlerMapping' via factory method to bean named 'mvcResourceUrlProvider'
2025-04-08T06:36:47.301+08:00 DEBUG 84480 --- [Smart Health - Backend Service] [           main] o.s.b.f.s.DefaultListableBeanFactory     : Creating shared instance of singleton bean 'requestMappingHandlerMapping'
2025-04-08T06:36:47.302+08:00 DEBUG 84480 --- [Smart Health - Backend Service] [           main] o.s.b.f.s.DefaultListableBeanFactory     : Autowiring by type from bean name 'requestMappingHandlerMapping' via factory method to bean named 'mvcContentNegotiationManager'
2025-04-08T06:36:47.302+08:00 DEBUG 84480 --- [Smart Health - Backend Service] [           main] o.s.b.f.s.DefaultListableBeanFactory     : Autowiring by type from bean name 'requestMappingHandlerMapping' via factory method to bean named 'mvcConversionService'
2025-04-08T06:36:47.302+08:00 DEBUG 84480 --- [Smart Health - Backend Service] [           main] o.s.b.f.s.DefaultListableBeanFactory     : Autowiring by type from bean name 'requestMappingHandlerMapping' via factory method to bean named 'mvcResourceUrlProvider'
2025-04-08T06:36:47.331+08:00 DEBUG 84480 --- [Smart Health - Backend Service] [           main] s.w.s.m.m.a.RequestMappingHandlerMapping : 33 mappings in 'requestMappingHandlerMapping'
2025-04-08T06:36:47.334+08:00 DEBUG 84480 --- [Smart Health - Backend Service] [           main] o.s.b.f.s.DefaultListableBeanFactory     : Creating shared instance of singleton bean 'viewControllerHandlerMapping'
2025-04-08T06:36:47.334+08:00 DEBUG 84480 --- [Smart Health - Backend Service] [           main] o.s.b.f.s.DefaultListableBeanFactory     : Autowiring by type from bean name 'viewControllerHandlerMapping' via factory method to bean named 'mvcConversionService'
2025-04-08T06:36:47.334+08:00 DEBUG 84480 --- [Smart Health - Backend Service] [           main] o.s.b.f.s.DefaultListableBeanFactory     : Autowiring by type from bean name 'viewControllerHandlerMapping' via factory method to bean named 'mvcResourceUrlProvider'
2025-04-08T06:36:47.334+08:00 DEBUG 84480 --- [Smart Health - Backend Service] [           main] o.s.b.f.s.DefaultListableBeanFactory     : Creating shared instance of singleton bean 'beanNameHandlerMapping'
2025-04-08T06:36:47.334+08:00 DEBUG 84480 --- [Smart Health - Backend Service] [           main] o.s.b.f.s.DefaultListableBeanFactory     : Autowiring by type from bean name 'beanNameHandlerMapping' via factory method to bean named 'mvcConversionService'
2025-04-08T06:36:47.334+08:00 DEBUG 84480 --- [Smart Health - Backend Service] [           main] o.s.b.f.s.DefaultListableBeanFactory     : Autowiring by type from bean name 'beanNameHandlerMapping' via factory method to bean named 'mvcResourceUrlProvider'
2025-04-08T06:36:47.337+08:00 DEBUG 84480 --- [Smart Health - Backend Service] [           main] o.s.b.f.s.DefaultListableBeanFactory     : Creating shared instance of singleton bean 'routerFunctionMapping'
2025-04-08T06:36:47.337+08:00 DEBUG 84480 --- [Smart Health - Backend Service] [           main] o.s.b.f.s.DefaultListableBeanFactory     : Autowiring by type from bean name 'routerFunctionMapping' via factory method to bean named 'mvcConversionService'
2025-04-08T06:36:47.337+08:00 DEBUG 84480 --- [Smart Health - Backend Service] [           main] o.s.b.f.s.DefaultListableBeanFactory     : Autowiring by type from bean name 'routerFunctionMapping' via factory method to bean named 'mvcResourceUrlProvider'
2025-04-08T06:36:47.338+08:00 DEBUG 84480 --- [Smart Health - Backend Service] [           main] o.s.b.f.s.DefaultListableBeanFactory     : Creating shared instance of singleton bean 'messageConverters'
2025-04-08T06:36:47.338+08:00 DEBUG 84480 --- [Smart Health - Backend Service] [           main] o.s.b.f.s.DefaultListableBeanFactory     : Creating shared instance of singleton bean 'org.springframework.boot.autoconfigure.http.HttpMessageConvertersAutoConfiguration'
2025-04-08T06:36:47.340+08:00 DEBUG 84480 --- [Smart Health - Backend Service] [           main] o.s.b.f.s.DefaultListableBeanFactory     : Creating shared instance of singleton bean 'stringHttpMessageConverter'
2025-04-08T06:36:47.340+08:00 DEBUG 84480 --- [Smart Health - Backend Service] [           main] o.s.b.f.s.DefaultListableBeanFactory     : Creating shared instance of singleton bean 'org.springframework.boot.autoconfigure.http.HttpMessageConvertersAutoConfiguration$StringHttpMessageConverterConfiguration'
2025-04-08T06:36:47.340+08:00 DEBUG 84480 --- [Smart Health - Backend Service] [           main] o.s.b.f.s.DefaultListableBeanFactory     : Autowiring by type from bean name 'stringHttpMessageConverter' via factory method to bean named 'environment'
2025-04-08T06:36:47.343+08:00 DEBUG 84480 --- [Smart Health - Backend Service] [           main] o.s.b.f.s.DefaultListableBeanFactory     : Creating shared instance of singleton bean 'mappingJackson2HttpMessageConverter'
2025-04-08T06:36:47.343+08:00 DEBUG 84480 --- [Smart Health - Backend Service] [           main] o.s.b.f.s.DefaultListableBeanFactory     : Creating shared instance of singleton bean 'org.springframework.boot.autoconfigure.http.JacksonHttpMessageConvertersConfiguration$MappingJackson2HttpMessageConverterConfiguration'
2025-04-08T06:36:47.343+08:00 DEBUG 84480 --- [Smart Health - Backend Service] [           main] o.s.b.f.s.DefaultListableBeanFactory     : Creating shared instance of singleton bean 'jacksonObjectMapper'
2025-04-08T06:36:47.343+08:00 DEBUG 84480 --- [Smart Health - Backend Service] [           main] o.s.b.f.s.DefaultListableBeanFactory     : Creating shared instance of singleton bean 'org.springframework.boot.autoconfigure.jackson.JacksonAutoConfiguration$JacksonObjectMapperConfiguration'
2025-04-08T06:36:47.343+08:00 DEBUG 84480 --- [Smart Health - Backend Service] [           main] o.s.b.f.s.DefaultListableBeanFactory     : Creating shared instance of singleton bean 'org.springframework.boot.autoconfigure.jackson.JacksonAutoConfiguration$JacksonObjectMapperBuilderConfiguration'
2025-04-08T06:36:47.344+08:00 DEBUG 84480 --- [Smart Health - Backend Service] [           main] o.s.b.f.s.DefaultListableBeanFactory     : Creating shared instance of singleton bean 'standardJacksonObjectMapperBuilderCustomizer'
[...]

   RedisCacheConfiguration:
      Did not match:
         - @ConditionalOnClass did not find required class 'org.springframework.data.redis.connection.RedisConnectionFactory' (OnClassCondition)

   RedisReactiveAutoConfiguration:
      Did not match:
         - @ConditionalOnClass did not find required class 'reactor.core.publisher.Flux' (OnClassCondition)

   RedisRepositoriesAutoConfiguration:
      Did not match:
         - @ConditionalOnClass did not find required class 'org.springframework.data.redis.repository.configuration.EnableRedisRepositories' (OnClassCondition)

   RemoteDevToolsAutoConfiguration:
      Did not match:
         - @ConditionalOnProperty (spring.devtools.remote.secret) did not find property 'secret' (OnPropertyCondition)
      Matched:
         - @ConditionalOnClass found required classes 'jakarta.servlet.Filter', 'org.springframework.http.server.ServerHttpRequest' (OnClassCondition)

   RepositoryRestMvcAutoConfiguration:
      Did not match:
         - @ConditionalOnClass did not find required class 'org.springframework.data.rest.webmvc.config.RepositoryRestMvcConfiguration' (OnClassCondition)

   Saml2RelyingPartyAutoConfiguration:
      Did not match:
         - @ConditionalOnClass did not find required class 'org.springframework.security.saml2.provider.service.registration.RelyingPartyRegistrationRepository' (OnClassCondition)

   SecurityDataConfiguration:
      Did not match:
         - @ConditionalOnClass did not find required class 'org.springframework.security.data.repository.query.SecurityEvaluationContextExtension' (OnClassCondition)

   SendGridAutoConfiguration:
      Did not match:
         - @ConditionalOnClass did not find required class 'com.sendgrid.SendGrid' (OnClassCondition)

   ServletWebServerFactoryAutoConfiguration.ForwardedHeaderFilterConfiguration:
      Did not match:
         - @ConditionalOnProperty (server.forward-headers-strategy=framework) did not find property 'server.forward-headers-strategy' (OnPropertyCondition)

   ServletWebServerFactoryConfiguration.EmbeddedJetty:
      Did not match:
         - @ConditionalOnClass did not find required classes 'org.eclipse.jetty.server.Server', 'org.eclipse.jetty.util.Loader', 'org.eclipse.jetty.ee10.webapp.WebAppContext' (OnClassCondition)

   ServletWebServerFactoryConfiguration.EmbeddedUndertow:
      Did not match:
         - @ConditionalOnClass did not find required classes 'io.undertow.Undertow', 'org.xnio.SslClientAuthMode' (OnClassCondition)

   SessionAutoConfiguration:
      Did not match:
         - @ConditionalOnClass did not find required class 'org.springframework.session.Session' (OnClassCondition)

   SpringApplicationAdminJmxAutoConfiguration:
      Did not match:
         - @ConditionalOnProperty (spring.application.admin.enabled=true) did not find property 'enabled' (OnPropertyCondition)

   SpringBootWebSecurityConfiguration.SecurityFilterChainConfiguration:
      Did not match:
         - AllNestedConditions 1 matched 1 did not; NestedCondition on DefaultWebSecurityCondition.Beans @ConditionalOnMissingBean (types: org.springframework.security.web.SecurityFilterChain; SearchStrategy: all) found beans of type 'org.springframework.security.web.SecurityFilterChain' securityFilterChain; NestedCondition on DefaultWebSecurityCondition.Classes @ConditionalOnClass found required classes 'org.springframework.security.web.SecurityFilterChain', 'org.springframework.security.config.annotation.web.builders.HttpSecurity' (DefaultWebSecurityCondition)

   TaskExecutorConfigurations.SimpleAsyncTaskExecutorBuilderConfiguration#simpleAsyncTaskExecutorBuilderVirtualThreads:
      Did not match:
         - @ConditionalOnMissingBean (types: org.springframework.boot.task.SimpleAsyncTaskExecutorBuilder; SearchStrategy: all) found beans of type 'org.springframework.boot.task.SimpleAsyncTaskExecutorBuilder' simpleAsyncTaskExecutorBuilder (OnBeanCondition)

   TaskExecutorConfigurations.TaskExecutorConfiguration#applicationTaskExecutorVirtualThreads:
      Did not match:
         - @ConditionalOnThreading did not find VIRTUAL (OnThreadingCondition)

   TaskSchedulingAutoConfiguration#scheduledBeanLazyInitializationExcludeFilter:
      Did not match:
         - @ConditionalOnBean (names: org.springframework.context.annotation.internalScheduledAnnotationProcessor; SearchStrategy: all) did not find any beans named org.springframework.context.annotation.internalScheduledAnnotationProcessor (OnBeanCondition)

   TaskSchedulingConfigurations.SimpleAsyncTaskSchedulerBuilderConfiguration#simpleAsyncTaskSchedulerBuilderVirtualThreads:
      Did not match:
         - @ConditionalOnMissingBean (types: org.springframework.boot.task.SimpleAsyncTaskSchedulerBuilder; SearchStrategy: all) found beans of type 'org.springframework.boot.task.SimpleAsyncTaskSchedulerBuilder' simpleAsyncTaskSchedulerBuilder (OnBeanCondition)

   TaskSchedulingConfigurations.TaskSchedulerConfiguration:
      Did not match:
         - @ConditionalOnBean (names: org.springframework.context.annotation.internalScheduledAnnotationProcessor; SearchStrategy: all) did not find any beans named org.springframework.context.annotation.internalScheduledAnnotationProcessor (OnBeanCondition)

   ThymeleafAutoConfiguration:
      Did not match:
         - @ConditionalOnClass did not find required class 'org.thymeleaf.spring6.SpringTemplateEngine' (OnClassCondition)

   TransactionAutoConfiguration#transactionalOperator:
      Did not match:
         - @ConditionalOnSingleCandidate (types: org.springframework.transaction.ReactiveTransactionManager; SearchStrategy: all) did not find any beans (OnBeanCondition)

   TransactionAutoConfiguration.AspectJTransactionManagementConfiguration:
      Did not match:
         - @ConditionalOnBean (types: org.springframework.transaction.aspectj.AbstractTransactionAspect; SearchStrategy: all) did not find any beans of type org.springframework.transaction.aspectj.AbstractTransactionAspect (OnBeanCondition)

   TransactionAutoConfiguration.EnableTransactionManagementConfiguration.JdkDynamicAutoProxyConfiguration:
      Did not match:
         - @ConditionalOnProperty (spring.aop.proxy-target-class=false) did not find property 'proxy-target-class' (OnPropertyCondition)

   UserDetailsServiceAutoConfiguration:
      Did not match:
         - @ConditionalOnMissingBean (types: org.springframework.security.authentication.AuthenticationManager,org.springframework.security.authentication.AuthenticationProvider,org.springframework.security.core.userdetails.UserDetailsService,org.springframework.security.authentication.AuthenticationManagerResolver,org.springframework.security.oauth2.jwt.JwtDecoder; SearchStrategy: all) found beans of type 'org.springframework.security.authentication.AuthenticationManager' authenticationManager and found beans of type 'org.springframework.security.core.userdetails.UserDetailsService' customUserDetailsService (OnBeanCondition)
      Matched:
         - @ConditionalOnClass found required class 'org.springframework.security.authentication.AuthenticationManager' (OnClassCondition)
         - found 'session' scope (OnWebApplicationCondition)
         - AnyNestedCondition 1 matched 2 did not; NestedCondition on UserDetailsServiceAutoConfiguration.MissingAlternativeOrUserPropertiesConfigured.PasswordConfigured @ConditionalOnProperty (spring.security.user.password) did not find property 'password'; NestedCondition on UserDetailsServiceAutoConfiguration.MissingAlternativeOrUserPropertiesConfigured.NameConfigured @ConditionalOnProperty (spring.security.user.name) did not find property 'name'; NestedCondition on UserDetailsServiceAutoConfiguration.MissingAlternativeOrUserPropertiesConfigured.MissingAlternative @ConditionalOnMissingClass did not find unwanted classes 'org.springframework.security.oauth2.client.registration.ClientRegistrationRepository', 'org.springframework.security.oauth2.server.resource.introspection.OpaqueTokenIntrospector', 'org.springframework.security.saml2.provider.service.registration.RelyingPartyRegistrationRepository' (UserDetailsServiceAutoConfiguration.MissingAlternativeOrUserPropertiesConfigured)

   ValidationAutoConfiguration:
      Did not match:
         - @ConditionalOnClass did not find required class 'jakarta.validation.executable.ExecutableValidator' (OnClassCondition)

   WebClientAutoConfiguration:
      Did not match:
         - @ConditionalOnClass did not find required class 'org.springframework.web.reactive.function.client.WebClient' (OnClassCondition)

   WebFluxAutoConfiguration:
      Did not match:
         - @ConditionalOnClass did not find required class 'org.springframework.web.reactive.config.WebFluxConfigurer' (OnClassCondition)

   WebMvcAutoConfiguration#hiddenHttpMethodFilter:
      Did not match:
         - @ConditionalOnProperty (spring.mvc.hiddenmethod.filter.enabled) did not find property 'enabled' (OnPropertyCondition)

   WebMvcAutoConfiguration.ProblemDetailsErrorHandlingConfiguration:
      Did not match:
         - @ConditionalOnProperty (spring.mvc.problemdetails.enabled=true) did not find property 'enabled' (OnPropertyCondition)

   WebMvcAutoConfiguration.ResourceChainCustomizerConfiguration:
      Did not match:
         - @ConditionalOnEnabledResourceChain did not find class org.webjars.WebJarVersionLocator (OnEnabledResourceChainCondition)

   WebMvcAutoConfiguration.WebMvcAutoConfigurationAdapter#beanNameViewResolver:
      Did not match:
         - @ConditionalOnMissingBean (types: org.springframework.web.servlet.view.BeanNameViewResolver; SearchStrategy: all) found beans of type 'org.springframework.web.servlet.view.BeanNameViewResolver' beanNameViewResolver (OnBeanCondition)

   WebServiceTemplateAutoConfiguration:
      Did not match:
         - @ConditionalOnClass did not find required class 'org.springframework.oxm.Marshaller' (OnClassCondition)

   WebServicesAutoConfiguration:
      Did not match:
         - @ConditionalOnClass did not find required class 'org.springframework.ws.transport.http.MessageDispatcherServlet' (OnClassCondition)

   WebSessionIdResolverAutoConfiguration:
      Did not match:
         - @ConditionalOnClass did not find required class 'reactor.core.publisher.Mono' (OnClassCondition)

   WebSocketMessagingAutoConfiguration:
      Did not match:
         - @ConditionalOnClass did not find required class 'org.springframework.web.socket.config.annotation.WebSocketMessageBrokerConfigurer' (OnClassCondition)

   WebSocketReactiveAutoConfiguration:
      Did not match:
         - @ConditionalOnWebApplication did not find reactive web application classes (OnWebApplicationCondition)

   WebSocketServletAutoConfiguration.JettyWebSocketConfiguration:
      Did not match:
         - @ConditionalOnClass did not find required class 'org.eclipse.jetty.ee10.websocket.jakarta.server.config.JakartaWebSocketServletContainerInitializer' (OnClassCondition)

   WebSocketServletAutoConfiguration.UndertowWebSocketConfiguration:
      Did not match:
         - @ConditionalOnClass did not find required class 'io.undertow.websockets.jsr.Bootstrap' (OnClassCondition)

   XADataSourceAutoConfiguration:
      Did not match:
         - @ConditionalOnBean (types: org.springframework.boot.jdbc.XADataSourceWrapper; SearchStrategy: all) did not find any beans of type org.springframework.boot.jdbc.XADataSourceWrapper (OnBeanCondition)
      Matched:
         - @ConditionalOnClass found required classes 'javax.sql.DataSource', 'jakarta.transaction.TransactionManager', 'org.springframework.jdbc.datasource.embedded.EmbeddedDatabaseType' (OnClassCondition)


Exclusions:
-----------

    None


Unconditional classes:
----------------------

    org.springframework.boot.autoconfigure.context.ConfigurationPropertiesAutoConfiguration

    org.springframework.boot.autoconfigure.ssl.SslAutoConfiguration

    org.springframework.boot.autoconfigure.context.LifecycleAutoConfiguration

    org.springframework.boot.autoconfigure.context.PropertyPlaceholderAutoConfiguration

    org.springframework.boot.autoconfigure.availability.ApplicationAvailabilityAutoConfiguration

    org.springframework.boot.autoconfigure.info.ProjectInfoAutoConfiguration



2025-04-08T06:36:47.627+08:00  INFO 84480 --- [Smart Health - Backend Service] [           main] martHealthBackendServiceApplicationTests : Started SmartHealthBackendServiceApplicationTests in 4.199 seconds (process running for 4.862)
2025-04-08T06:36:47.627+08:00 DEBUG 84480 --- [Smart Health - Backend Service] [           main] o.s.b.a.ApplicationAvailabilityBean      : Application availability state LivenessState changed to CORRECT
2025-04-08T06:36:47.628+08:00 DEBUG 84480 --- [Smart Health - Backend Service] [           main] o.s.boot.devtools.restart.Restarter      : Creating new Restarter for thread Thread[#1,main,5,main]
2025-04-08T06:36:47.628+08:00 DEBUG 84480 --- [Smart Health - Backend Service] [           main] o.s.b.a.ApplicationAvailabilityBean      : Application availability state ReadinessState changed to ACCEPTING_TRAFFIC
2025-04-08T06:36:47.629+08:00 DEBUG 84480 --- [Smart Health - Backend Service] [           main] org.springframework.test.context.cache   : Spring test ApplicationContext cache statistics: [DefaultContextCache@5f2896fa size = 1, maxSize = 32, parentContextCount = 0, hitCount = 0, missCount = 1, failureCount = 0]
2025-04-08T06:36:47.629+08:00 DEBUG 84480 --- [Smart Health - Backend Service] [           main] o.s.t.c.w.ServletTestExecutionListener   : Setting up MockHttpServletRequest, MockHttpServletResponse, ServletWebRequest, and RequestContextHolder for test class com.SmartHealth.SmartHealth_backend.SmartHealthBackendServiceApplicationTests
2025-04-08T06:36:47.636+08:00 DEBUG 84480 --- [Smart Health - Backend Service] [           main] DependencyInjectionTestExecutionListener : Performing dependency injection for test class com.SmartHealth.SmartHealth_backend.SmartHealthBackendServiceApplicationTests
2025-04-08T06:36:47.636+08:00 DEBUG 84480 --- [Smart Health - Backend Service] [           main] org.springframework.test.context.cache   : Spring test ApplicationContext cache statistics: [DefaultContextCache@5f2896fa size = 1, maxSize = 32, parentContextCount = 0, hitCount = 1, missCount = 1, failureCount = 0]
2025-04-08T06:36:47.636+08:00 DEBUG 84480 --- [Smart Health - Backend Service] [           main] org.springframework.test.context.cache   : Spring test ApplicationContext cache statistics: [DefaultContextCache@5f2896fa size = 1, maxSize = 32, parentContextCount = 0, hitCount = 2, missCount = 1, failureCount = 0]
2025-04-08T06:36:47.638+08:00 DEBUG 84480 --- [Smart Health - Backend Service] [           main] sContextBeforeModesTestExecutionListener : Before test method: class [SmartHealthBackendServiceApplicationTests], method [contextLoads], class annotated with @DirtiesContext [false] with mode [null], method annotated with @DirtiesContext [false] with mode [null]
2025-04-08T06:36:47.639+08:00 DEBUG 84480 --- [Smart Health - Backend Service] [           main] org.springframework.test.context.cache   : Spring test ApplicationContext cache statistics: [DefaultContextCache@5f2896fa size = 1, maxSize = 32, parentContextCount = 0, hitCount = 3, missCount = 1, failureCount = 0]
2025-04-08T06:36:47.639+08:00 DEBUG 84480 --- [Smart Health - Backend Service] [           main] org.springframework.test.context.cache   : Spring test ApplicationContext cache statistics: [DefaultContextCache@5f2896fa size = 1, maxSize = 32, parentContextCount = 0, hitCount = 4, missCount = 1, failureCount = 0]
2025-04-08T06:36:48.011+08:00 DEBUG 84480 --- [Smart Health - Backend Service] [           main] org.springframework.test.context.cache   : Spring test ApplicationContext cache statistics: [DefaultContextCache@5f2896fa size = 1, maxSize = 32, parentContextCount = 0, hitCount = 5, missCount = 1, failureCount = 0]
2025-04-08T06:36:48.013+08:00 DEBUG 84480 --- [Smart Health - Backend Service] [           main] org.springframework.test.context.cache   : Spring test ApplicationContext cache statistics: [DefaultContextCache@5f2896fa size = 1, maxSize = 32, parentContextCount = 0, hitCount = 6, missCount = 1, failureCount = 0]
2025-04-08T06:36:48.016+08:00 DEBUG 84480 --- [Smart Health - Backend Service] [           main] org.springframework.test.context.cache   : Spring test ApplicationContext cache statistics: [DefaultContextCache@5f2896fa size = 1, maxSize = 32, parentContextCount = 0, hitCount = 7, missCount = 1, failureCount = 0]
2025-04-08T06:36:48.016+08:00 DEBUG 84480 --- [Smart Health - Backend Service] [           main] org.springframework.test.context.cache   : Spring test ApplicationContext cache statistics: [DefaultContextCache@5f2896fa size = 1, maxSize = 32, parentContextCount = 0, hitCount = 8, missCount = 1, failureCount = 0]
2025-04-08T06:36:48.016+08:00 DEBUG 84480 --- [Smart Health - Backend Service] [           main] org.springframework.test.context.cache   : Spring test ApplicationContext cache statistics: [DefaultContextCache@5f2896fa size = 1, maxSize = 32, parentContextCount = 0, hitCount = 9, missCount = 1, failureCount = 0]
2025-04-08T06:36:48.017+08:00 DEBUG 84480 --- [Smart Health - Backend Service] [           main] org.springframework.test.context.cache   : Spring test ApplicationContext cache statistics: [DefaultContextCache@5f2896fa size = 1, maxSize = 32, parentContextCount = 0, hitCount = 10, missCount = 1, failureCount = 0]
2025-04-08T06:36:48.017+08:00 DEBUG 84480 --- [Smart Health - Backend Service] [           main] org.springframework.test.context.cache   : Spring test ApplicationContext cache statistics: [DefaultContextCache@5f2896fa size = 1, maxSize = 32, parentContextCount = 0, hitCount = 11, missCount = 1, failureCount = 0]
2025-04-08T06:36:48.018+08:00 DEBUG 84480 --- [Smart Health - Backend Service] [           main] org.springframework.test.context.cache   : Spring test ApplicationContext cache statistics: [DefaultContextCache@5f2896fa size = 1, maxSize = 32, parentContextCount = 0, hitCount = 12, missCount = 1, failureCount = 0]
2025-04-08T06:36:48.018+08:00 DEBUG 84480 --- [Smart Health - Backend Service] [           main] org.springframework.test.context.cache   : Spring test ApplicationContext cache statistics: [DefaultContextCache@5f2896fa size = 1, maxSize = 32, parentContextCount = 0, hitCount = 13, missCount = 1, failureCount = 0]
2025-04-08T06:36:48.019+08:00 DEBUG 84480 --- [Smart Health - Backend Service] [           main] .c.s.DirtiesContextTestExecutionListener : After test method: class [SmartHealthBackendServiceApplicationTests], method [contextLoads], class annotated with @DirtiesContext [false] with mode [null], method annotated with @DirtiesContext [false] with mode [null]
2025-04-08T06:36:48.019+08:00 DEBUG 84480 --- [Smart Health - Backend Service] [           main] o.s.t.c.w.ServletTestExecutionListener   : Resetting RequestContextHolder for test class com.SmartHealth.SmartHealth_backend.SmartHealthBackendServiceApplicationTests
]]></system-out>
    <system-err><![CDATA[Mockito is currently self-attaching to enable the inline-mock-maker. This will no longer work in future releases of the JDK. Please add Mockito as an agent to your build what is described in Mockito's documentation: https://javadoc.io/doc/org.mockito/mockito-core/latest/org/mockito/Mockito.html#0.3
WARNING: A Java agent has been loaded dynamically (/Users/tristannguyen/.m2/repository/net/bytebuddy/byte-buddy-agent/1.15.11/byte-buddy-agent-1.15.11.jar)
WARNING: If a serviceability tool is in use, please run with -XX:+EnableDynamicAgentLoading to hide this warning
WARNING: If a serviceability tool is not in use, please run with -Djdk.instrument.traceUsage for more information
WARNING: Dynamic loading of agents will be disallowed by default in a future release
]]></system-err>
  </testcase>
</testsuite>